<?xml version="1.0" encoding="UTF-8"?>
<coverage generated="1744220831365" clover="3.2.0">
  <project timestamp="1744220831365" name="All files">
    <metrics statements="645" coveredstatements="32" conditionals="220" coveredconditionals="0" methods="164" coveredmethods="0" elements="1029" coveredelements="32" complexity="0" loc="645" ncloc="645" packages="5" files="8" classes="8"/>
    <package name="components">
      <metrics statements="3" coveredstatements="0" conditionals="0" coveredconditionals="0" methods="1" coveredmethods="0"/>
      <file name="ConfirmationModal.tsx" path="C:\Users\Mah\Documents\Trabalho\Listai\src\components\ConfirmationModal.tsx">
        <metrics statements="3" coveredstatements="0" conditionals="0" coveredconditionals="0" methods="1" coveredmethods="0"/>
        <line num="4" count="0" type="stmt"/>
        <line num="5" count="0" type="stmt"/>
        <line num="26" count="0" type="stmt"/>
      </file>
    </package>
    <package name="database">
      <metrics statements="165" coveredstatements="20" conditionals="27" coveredconditionals="0" methods="34" coveredmethods="0"/>
      <file name="database.ts" path="C:\Users\Mah\Documents\Trabalho\Listai\src\database\database.ts">
        <metrics statements="165" coveredstatements="20" conditionals="27" coveredconditionals="0" methods="34" coveredmethods="0"/>
        <line num="3" count="1" type="stmt"/>
        <line num="5" count="1" type="cond" truecount="0" falsecount="1"/>
        <line num="6" count="0" type="cond" truecount="0" falsecount="2"/>
        <line num="7" count="0" type="stmt"/>
        <line num="10" count="0" type="stmt"/>
        <line num="13" count="1" type="stmt"/>
        <line num="14" count="0" type="cond" truecount="0" falsecount="2"/>
        <line num="15" count="0" type="stmt"/>
        <line num="17" count="0" type="stmt"/>
        <line num="34" count="1" type="stmt"/>
        <line num="50" count="1" type="stmt"/>
        <line num="51" count="0" type="stmt"/>
        <line num="52" count="0" type="stmt"/>
        <line num="53" count="0" type="stmt"/>
        <line num="55" count="0" type="stmt"/>
        <line num="56" count="0" type="stmt"/>
        <line num="60" count="1" type="stmt"/>
        <line num="62" count="0" type="stmt"/>
        <line num="63" count="0" type="stmt"/>
        <line num="66" count="1" type="stmt"/>
        <line num="67" count="0" type="stmt"/>
        <line num="70" count="0" type="stmt"/>
        <line num="71" count="0" type="stmt"/>
        <line num="72" count="0" type="stmt"/>
        <line num="73" count="0" type="stmt"/>
        <line num="75" count="0" type="cond" truecount="0" falsecount="2"/>
        <line num="76" count="0" type="stmt"/>
        <line num="78" count="0" type="stmt"/>
        <line num="82" count="0" type="cond" truecount="0" falsecount="2"/>
        <line num="83" count="0" type="stmt"/>
        <line num="84" count="0" type="stmt"/>
        <line num="86" count="0" type="stmt"/>
        <line num="88" count="0" type="stmt"/>
        <line num="89" count="0" type="stmt"/>
        <line num="90" count="0" type="cond" truecount="0" falsecount="2"/>
        <line num="91" count="0" type="stmt"/>
        <line num="97" count="1" type="stmt"/>
        <line num="98" count="0" type="stmt"/>
        <line num="99" count="0" type="stmt"/>
        <line num="100" count="0" type="stmt"/>
        <line num="101" count="0" type="stmt"/>
        <line num="104" count="0" type="stmt"/>
        <line num="107" count="0" type="stmt"/>
        <line num="109" count="0" type="stmt"/>
        <line num="114" count="1" type="stmt"/>
        <line num="115" count="0" type="stmt"/>
        <line num="116" count="0" type="stmt"/>
        <line num="117" count="0" type="stmt"/>
        <line num="120" count="0" type="stmt"/>
        <line num="122" count="0" type="stmt"/>
        <line num="127" count="1" type="stmt"/>
        <line num="128" count="0" type="stmt"/>
        <line num="129" count="0" type="stmt"/>
        <line num="130" count="0" type="stmt"/>
        <line num="131" count="0" type="stmt"/>
        <line num="135" count="0" type="stmt"/>
        <line num="137" count="0" type="cond" truecount="0" falsecount="2"/>
        <line num="138" count="0" type="stmt"/>
        <line num="140" count="0" type="stmt"/>
        <line num="143" count="0" type="stmt"/>
        <line num="144" count="0" type="stmt"/>
        <line num="148" count="0" type="cond" truecount="0" falsecount="2"/>
        <line num="149" count="0" type="stmt"/>
        <line num="150" count="0" type="stmt"/>
        <line num="152" count="0" type="stmt"/>
        <line num="158" count="1" type="stmt"/>
        <line num="159" count="0" type="stmt"/>
        <line num="160" count="0" type="stmt"/>
        <line num="161" count="0" type="stmt"/>
        <line num="162" count="0" type="stmt"/>
        <line num="163" count="0" type="stmt"/>
        <line num="165" count="0" type="cond" truecount="0" falsecount="4"/>
        <line num="166" count="0" type="stmt"/>
        <line num="167" count="0" type="stmt"/>
        <line num="168" count="0" type="stmt"/>
        <line num="169" count="0" type="stmt"/>
        <line num="171" count="0" type="stmt"/>
        <line num="174" count="0" type="stmt"/>
        <line num="180" count="1" type="stmt"/>
        <line num="181" count="0" type="stmt"/>
        <line num="182" count="0" type="stmt"/>
        <line num="183" count="0" type="stmt"/>
        <line num="185" count="0" type="stmt"/>
        <line num="187" count="0" type="cond" truecount="0" falsecount="2"/>
        <line num="188" count="0" type="stmt"/>
        <line num="190" count="0" type="stmt"/>
        <line num="191" count="0" type="cond" truecount="0" falsecount="2"/>
        <line num="192" count="0" type="stmt"/>
        <line num="193" count="0" type="stmt"/>
        <line num="195" count="0" type="stmt"/>
        <line num="198" count="0" type="stmt"/>
        <line num="199" count="0" type="stmt"/>
        <line num="206" count="1" type="stmt"/>
        <line num="207" count="0" type="stmt"/>
        <line num="208" count="0" type="stmt"/>
        <line num="209" count="0" type="stmt"/>
        <line num="212" count="0" type="stmt"/>
        <line num="214" count="0" type="stmt"/>
        <line num="219" count="1" type="stmt"/>
        <line num="220" count="0" type="stmt"/>
        <line num="221" count="0" type="stmt"/>
        <line num="222" count="0" type="stmt"/>
        <line num="223" count="0" type="cond" truecount="0" falsecount="2"/>
        <line num="224" count="0" type="stmt"/>
        <line num="225" count="0" type="stmt"/>
        <line num="226" count="0" type="stmt"/>
        <line num="228" count="0" type="stmt"/>
        <line num="230" count="0" type="stmt"/>
        <line num="231" count="0" type="stmt"/>
        <line num="235" count="0" type="cond" truecount="0" falsecount="2"/>
        <line num="236" count="0" type="stmt"/>
        <line num="240" count="0" type="stmt"/>
        <line num="246" count="0" type="stmt"/>
        <line num="248" count="0" type="stmt"/>
        <line num="249" count="0" type="stmt"/>
        <line num="254" count="1" type="stmt"/>
        <line num="255" count="0" type="stmt"/>
        <line num="256" count="0" type="stmt"/>
        <line num="257" count="0" type="stmt"/>
        <line num="258" count="0" type="stmt"/>
        <line num="260" count="0" type="stmt"/>
        <line num="265" count="1" type="stmt"/>
        <line num="266" count="0" type="stmt"/>
        <line num="267" count="0" type="stmt"/>
        <line num="268" count="0" type="stmt"/>
        <line num="269" count="0" type="stmt"/>
        <line num="271" count="0" type="stmt"/>
        <line num="272" count="0" type="stmt"/>
        <line num="277" count="0" type="stmt"/>
        <line num="278" count="0" type="stmt"/>
        <line num="280" count="0" type="stmt"/>
        <line num="281" count="0" type="stmt"/>
        <line num="286" count="1" type="stmt"/>
        <line num="287" count="0" type="stmt"/>
        <line num="288" count="0" type="stmt"/>
        <line num="289" count="0" type="stmt"/>
        <line num="290" count="0" type="stmt"/>
        <line num="291" count="0" type="stmt"/>
        <line num="294" count="0" type="stmt"/>
        <line num="296" count="0" type="stmt"/>
        <line num="297" count="0" type="stmt"/>
        <line num="302" count="1" type="stmt"/>
        <line num="303" count="0" type="stmt"/>
        <line num="304" count="0" type="stmt"/>
        <line num="305" count="0" type="stmt"/>
        <line num="306" count="0" type="stmt"/>
        <line num="307" count="0" type="stmt"/>
        <line num="310" count="0" type="stmt"/>
        <line num="312" count="0" type="stmt"/>
        <line num="313" count="0" type="stmt"/>
        <line num="318" count="1" type="stmt"/>
        <line num="319" count="0" type="stmt"/>
        <line num="320" count="0" type="stmt"/>
        <line num="321" count="0" type="stmt"/>
        <line num="331" count="0" type="stmt"/>
        <line num="332" count="0" type="stmt"/>
        <line num="333" count="0" type="stmt"/>
        <line num="337" count="1" type="stmt"/>
        <line num="338" count="0" type="stmt"/>
        <line num="340" count="0" type="stmt"/>
        <line num="341" count="0" type="stmt"/>
        <line num="342" count="0" type="stmt"/>
        <line num="368" count="0" type="stmt"/>
        <line num="369" count="0" type="stmt"/>
        <line num="370" count="0" type="stmt"/>
      </file>
    </package>
    <package name="screens">
      <metrics statements="437" coveredstatements="6" conditionals="162" coveredconditionals="0" methods="118" coveredmethods="0"/>
      <file name="AddProductScreen.tsx" path="C:\Users\Mah\Documents\Trabalho\Listai\src\screens\AddProductScreen.tsx">
        <metrics statements="11" coveredstatements="1" conditionals="4" coveredconditionals="0" methods="2" coveredmethods="0"/>
        <line num="12" count="0" type="stmt"/>
        <line num="13" count="0" type="stmt"/>
        <line num="14" count="0" type="stmt"/>
        <line num="15" count="0" type="stmt"/>
        <line num="17" count="0" type="stmt"/>
        <line num="18" count="0" type="stmt"/>
        <line num="19" count="0" type="stmt"/>
        <line num="23" count="0" type="stmt"/>
        <line num="25" count="0" type="stmt"/>
        <line num="29" count="0" type="stmt"/>
        <line num="74" count="1" type="stmt"/>
      </file>
      <file name="EditProductScreen.tsx" path="C:\Users\Mah\Documents\Trabalho\Listai\src\screens\EditProductScreen.tsx">
        <metrics statements="55" coveredstatements="1" conditionals="23" coveredconditionals="0" methods="15" coveredmethods="0"/>
        <line num="44" count="0" type="stmt"/>
        <line num="45" count="0" type="stmt"/>
        <line num="46" count="0" type="cond" truecount="0" falsecount="2"/>
        <line num="47" count="0" type="stmt"/>
        <line num="48" count="0" type="stmt"/>
        <line num="49" count="0" type="stmt"/>
        <line num="50" count="0" type="cond" truecount="0" falsecount="2"/>
        <line num="51" count="0" type="stmt"/>
        <line num="54" count="0" type="stmt"/>
        <line num="55" count="0" type="cond" truecount="0" falsecount="2"/>
        <line num="56" count="0" type="stmt"/>
        <line num="57" count="0" type="stmt"/>
        <line num="58" count="0" type="stmt"/>
        <line num="63" count="0" type="stmt"/>
        <line num="64" count="0" type="cond" truecount="0" falsecount="2"/>
        <line num="65" count="0" type="stmt"/>
        <line num="66" count="0" type="stmt"/>
        <line num="67" count="0" type="cond" truecount="0" falsecount="2"/>
        <line num="69" count="0" type="stmt"/>
        <line num="74" count="0" type="stmt"/>
        <line num="75" count="0" type="cond" truecount="0" falsecount="2"/>
        <line num="76" count="0" type="stmt"/>
        <line num="77" count="0" type="stmt"/>
        <line num="78" count="0" type="stmt"/>
        <line num="80" count="0" type="stmt"/>
        <line num="85" count="0" type="stmt"/>
        <line num="86" count="0" type="cond" truecount="0" falsecount="2"/>
        <line num="87" count="0" type="stmt"/>
        <line num="88" count="0" type="stmt"/>
        <line num="89" count="0" type="stmt"/>
        <line num="90" count="0" type="stmt"/>
        <line num="92" count="0" type="stmt"/>
        <line num="97" count="0" type="stmt"/>
        <line num="98" count="0" type="cond" truecount="0" falsecount="2"/>
        <line num="99" count="0" type="stmt"/>
        <line num="110" count="0" type="stmt"/>
        <line num="111" count="0" type="stmt"/>
        <line num="112" count="0" type="stmt"/>
        <line num="114" count="0" type="stmt"/>
        <line num="124" count="0" type="stmt"/>
        <line num="125" count="0" type="stmt"/>
        <line num="126" count="0" type="stmt"/>
        <line num="132" count="0" type="stmt"/>
        <line num="133" count="0" type="stmt"/>
        <line num="134" count="0" type="stmt"/>
        <line num="142" count="0" type="stmt"/>
        <line num="146" count="0" type="stmt"/>
        <line num="152" count="0" type="stmt"/>
        <line num="157" count="0" type="stmt"/>
        <line num="182" count="0" type="cond" truecount="0" falsecount="2"/>
        <line num="183" count="0" type="stmt"/>
        <line num="197" count="0" type="stmt"/>
        <line num="254" count="0" type="cond" truecount="0" falsecount="1"/>
        <line num="264" count="0" type="stmt"/>
        <line num="285" count="1" type="stmt"/>
      </file>
      <file name="HomeScreen.tsx" path="C:\Users\Mah\Documents\Trabalho\Listai\src\screens\HomeScreen.tsx">
        <metrics statements="371" coveredstatements="4" conditionals="135" coveredconditionals="0" methods="101" coveredmethods="0"/>
        <line num="93" count="1" type="stmt"/>
        <line num="94" count="1" type="stmt"/>
        <line num="96" count="1" type="stmt"/>
        <line num="98" count="1" type="stmt"/>
        <line num="100" count="0" type="stmt"/>
        <line num="101" count="0" type="cond" truecount="0" falsecount="2"/>
        <line num="102" count="0" type="stmt"/>
        <line num="104" count="0" type="stmt"/>
        <line num="105" count="0" type="stmt"/>
        <line num="111" count="0" type="stmt"/>
        <line num="112" count="0" type="stmt"/>
        <line num="113" count="0" type="stmt"/>
        <line num="114" count="0" type="stmt"/>
        <line num="115" count="0" type="stmt"/>
        <line num="116" count="0" type="stmt"/>
        <line num="117" count="0" type="stmt"/>
        <line num="118" count="0" type="stmt"/>
        <line num="119" count="0" type="stmt"/>
        <line num="122" count="0" type="stmt"/>
        <line num="123" count="0" type="stmt"/>
        <line num="124" count="0" type="stmt"/>
        <line num="125" count="0" type="stmt"/>
        <line num="127" count="0" type="stmt"/>
        <line num="128" count="0" type="stmt"/>
        <line num="136" count="0" type="stmt"/>
        <line num="137" count="0" type="stmt"/>
        <line num="139" count="0" type="stmt"/>
        <line num="140" count="0" type="stmt"/>
        <line num="143" count="0" type="cond" truecount="0" falsecount="2"/>
        <line num="144" count="0" type="stmt"/>
        <line num="145" count="0" type="stmt"/>
        <line num="146" count="0" type="stmt"/>
        <line num="150" count="0" type="stmt"/>
        <line num="154" count="0" type="stmt"/>
        <line num="156" count="0" type="stmt"/>
        <line num="160" count="0" type="cond" truecount="0" falsecount="4"/>
        <line num="162" count="0" type="stmt"/>
        <line num="163" count="0" type="stmt"/>
        <line num="165" count="0" type="stmt"/>
        <line num="166" count="0" type="stmt"/>
        <line num="168" count="0" type="stmt"/>
        <line num="169" count="0" type="stmt"/>
        <line num="171" count="0" type="stmt"/>
        <line num="172" count="0" type="stmt"/>
        <line num="174" count="0" type="stmt"/>
        <line num="177" count="0" type="stmt"/>
        <line num="178" count="0" type="stmt"/>
        <line num="179" count="0" type="stmt"/>
        <line num="180" count="0" type="cond" truecount="0" falsecount="2"/>
        <line num="181" count="0" type="stmt"/>
        <line num="184" count="0" type="stmt"/>
        <line num="188" count="0" type="stmt"/>
        <line num="189" count="0" type="cond" truecount="0" falsecount="2"/>
        <line num="190" count="0" type="stmt"/>
        <line num="191" count="0" type="stmt"/>
        <line num="193" count="0" type="stmt"/>
        <line num="196" count="0" type="stmt"/>
        <line num="197" count="0" type="stmt"/>
        <line num="200" count="0" type="stmt"/>
        <line num="201" count="0" type="stmt"/>
        <line num="202" count="0" type="stmt"/>
        <line num="203" count="0" type="stmt"/>
        <line num="206" count="0" type="stmt"/>
        <line num="207" count="0" type="stmt"/>
        <line num="208" count="0" type="stmt"/>
        <line num="211" count="0" type="stmt"/>
        <line num="212" count="0" type="stmt"/>
        <line num="213" count="0" type="stmt"/>
        <line num="214" count="0" type="stmt"/>
        <line num="215" count="0" type="cond" truecount="0" falsecount="2"/>
        <line num="216" count="0" type="stmt"/>
        <line num="217" count="0" type="stmt"/>
        <line num="220" count="0" type="stmt"/>
        <line num="223" count="0" type="stmt"/>
        <line num="226" count="0" type="stmt"/>
        <line num="227" count="0" type="stmt"/>
        <line num="228" count="0" type="stmt"/>
        <line num="232" count="0" type="stmt"/>
        <line num="233" count="0" type="stmt"/>
        <line num="234" count="0" type="stmt"/>
        <line num="235" count="0" type="cond" truecount="0" falsecount="2"/>
        <line num="236" count="0" type="stmt"/>
        <line num="237" count="0" type="stmt"/>
        <line num="240" count="0" type="stmt"/>
        <line num="243" count="0" type="stmt"/>
        <line num="244" count="0" type="stmt"/>
        <line num="245" count="0" type="cond" truecount="0" falsecount="4"/>
        <line num="246" count="0" type="stmt"/>
        <line num="247" count="0" type="stmt"/>
        <line num="248" count="0" type="stmt"/>
        <line num="249" count="0" type="stmt"/>
        <line num="250" count="0" type="cond" truecount="0" falsecount="2"/>
        <line num="251" count="0" type="cond" truecount="0" falsecount="2"/>
        <line num="256" count="0" type="stmt"/>
        <line num="257" count="0" type="stmt"/>
        <line num="260" count="0" type="stmt"/>
        <line num="262" count="0" type="stmt"/>
        <line num="267" count="0" type="stmt"/>
        <line num="268" count="0" type="stmt"/>
        <line num="269" count="0" type="cond" truecount="0" falsecount="2"/>
        <line num="274" count="0" type="stmt"/>
        <line num="275" count="0" type="stmt"/>
        <line num="284" count="0" type="stmt"/>
        <line num="285" count="0" type="stmt"/>
        <line num="286" count="0" type="stmt"/>
        <line num="288" count="0" type="stmt"/>
        <line num="296" count="0" type="stmt"/>
        <line num="298" count="0" type="stmt"/>
        <line num="299" count="0" type="stmt"/>
        <line num="300" count="0" type="cond" truecount="0" falsecount="2"/>
        <line num="301" count="0" type="cond" truecount="0" falsecount="2"/>
        <line num="302" count="0" type="cond" truecount="0" falsecount="4"/>
        <line num="304" count="0" type="stmt"/>
        <line num="305" count="0" type="stmt"/>
        <line num="306" count="0" type="stmt"/>
        <line num="310" count="0" type="stmt"/>
        <line num="313" count="0" type="stmt"/>
        <line num="318" count="0" type="stmt"/>
        <line num="323" count="0" type="cond" truecount="0" falsecount="2"/>
        <line num="328" count="0" type="stmt"/>
        <line num="329" count="0" type="stmt"/>
        <line num="330" count="0" type="cond" truecount="0" falsecount="2"/>
        <line num="335" count="0" type="stmt"/>
        <line num="336" count="0" type="stmt"/>
        <line num="337" count="0" type="stmt"/>
        <line num="342" count="0" type="stmt"/>
        <line num="347" count="0" type="stmt"/>
        <line num="348" count="0" type="stmt"/>
        <line num="349" count="0" type="stmt"/>
        <line num="350" count="0" type="stmt"/>
        <line num="353" count="0" type="stmt"/>
        <line num="354" count="0" type="stmt"/>
        <line num="355" count="0" type="stmt"/>
        <line num="358" count="0" type="stmt"/>
        <line num="359" count="0" type="stmt"/>
        <line num="360" count="0" type="stmt"/>
        <line num="361" count="0" type="stmt"/>
        <line num="362" count="0" type="stmt"/>
        <line num="366" count="0" type="stmt"/>
        <line num="367" count="0" type="stmt"/>
        <line num="368" count="0" type="stmt"/>
        <line num="369" count="0" type="stmt"/>
        <line num="370" count="0" type="stmt"/>
        <line num="372" count="0" type="stmt"/>
        <line num="374" count="0" type="stmt"/>
        <line num="378" count="0" type="stmt"/>
        <line num="379" count="0" type="stmt"/>
        <line num="380" count="0" type="stmt"/>
        <line num="381" count="0" type="stmt"/>
        <line num="385" count="0" type="stmt"/>
        <line num="387" count="0" type="stmt"/>
        <line num="388" count="0" type="stmt"/>
        <line num="392" count="0" type="stmt"/>
        <line num="393" count="0" type="stmt"/>
        <line num="394" count="0" type="stmt"/>
        <line num="400" count="0" type="stmt"/>
        <line num="401" count="0" type="stmt"/>
        <line num="402" count="0" type="stmt"/>
        <line num="404" count="0" type="stmt"/>
        <line num="405" count="0" type="stmt"/>
        <line num="406" count="0" type="stmt"/>
        <line num="407" count="0" type="cond" truecount="0" falsecount="2"/>
        <line num="408" count="0" type="stmt"/>
        <line num="411" count="0" type="cond" truecount="0" falsecount="2"/>
        <line num="415" count="0" type="cond" truecount="0" falsecount="2"/>
        <line num="416" count="0" type="stmt"/>
        <line num="418" count="0" type="cond" truecount="0" falsecount="4"/>
        <line num="419" count="0" type="cond" truecount="0" falsecount="4"/>
        <line num="421" count="0" type="stmt"/>
        <line num="422" count="0" type="stmt"/>
        <line num="425" count="0" type="stmt"/>
        <line num="426" count="0" type="stmt"/>
        <line num="427" count="0" type="cond" truecount="0" falsecount="2"/>
        <line num="431" count="0" type="stmt"/>
        <line num="434" count="0" type="stmt"/>
        <line num="437" count="0" type="stmt"/>
        <line num="438" count="0" type="stmt"/>
        <line num="441" count="0" type="stmt"/>
        <line num="446" count="0" type="stmt"/>
        <line num="449" count="0" type="stmt"/>
        <line num="452" count="0" type="stmt"/>
        <line num="453" count="0" type="stmt"/>
        <line num="456" count="0" type="stmt"/>
        <line num="457" count="0" type="cond" truecount="0" falsecount="4"/>
        <line num="458" count="0" type="cond" truecount="0" falsecount="2"/>
        <line num="460" count="0" type="stmt"/>
        <line num="461" count="0" type="cond" truecount="0" falsecount="4"/>
        <line num="464" count="0" type="stmt"/>
        <line num="466" count="0" type="stmt"/>
        <line num="475" count="0" type="cond" truecount="0" falsecount="2"/>
        <line num="477" count="0" type="stmt"/>
        <line num="482" count="0" type="stmt"/>
        <line num="485" count="0" type="stmt"/>
        <line num="487" count="0" type="stmt"/>
        <line num="488" count="0" type="cond" truecount="0" falsecount="2"/>
        <line num="491" count="0" type="stmt"/>
        <line num="492" count="0" type="stmt"/>
        <line num="493" count="0" type="stmt"/>
        <line num="497" count="0" type="stmt"/>
        <line num="501" count="0" type="cond" truecount="0" falsecount="4"/>
        <line num="502" count="0" type="stmt"/>
        <line num="503" count="0" type="stmt"/>
        <line num="504" count="0" type="stmt"/>
        <line num="505" count="0" type="stmt"/>
        <line num="508" count="0" type="stmt"/>
        <line num="509" count="0" type="stmt"/>
        <line num="511" count="0" type="stmt"/>
        <line num="512" count="0" type="stmt"/>
        <line num="515" count="0" type="cond" truecount="0" falsecount="2"/>
        <line num="517" count="0" type="stmt"/>
        <line num="518" count="0" type="stmt"/>
        <line num="519" count="0" type="cond" truecount="0" falsecount="2"/>
        <line num="520" count="0" type="stmt"/>
        <line num="522" count="0" type="cond" truecount="0" falsecount="4"/>
        <line num="523" count="0" type="stmt"/>
        <line num="529" count="0" type="stmt"/>
        <line num="530" count="0" type="stmt"/>
        <line num="534" count="0" type="stmt"/>
        <line num="537" count="0" type="stmt"/>
        <line num="542" count="0" type="stmt"/>
        <line num="546" count="0" type="cond" truecount="0" falsecount="2"/>
        <line num="547" count="0" type="stmt"/>
        <line num="554" count="0" type="stmt"/>
        <line num="557" count="0" type="stmt"/>
        <line num="558" count="0" type="stmt"/>
        <line num="562" count="0" type="stmt"/>
        <line num="566" count="0" type="stmt"/>
        <line num="568" count="0" type="stmt"/>
        <line num="569" count="0" type="stmt"/>
        <line num="570" count="0" type="stmt"/>
        <line num="571" count="0" type="stmt"/>
        <line num="574" count="0" type="cond" truecount="0" falsecount="2"/>
        <line num="576" count="0" type="stmt"/>
        <line num="577" count="0" type="stmt"/>
        <line num="581" count="0" type="stmt"/>
        <line num="586" count="0" type="cond" truecount="0" falsecount="4"/>
        <line num="587" count="0" type="stmt"/>
        <line num="594" count="0" type="stmt"/>
        <line num="596" count="0" type="stmt"/>
        <line num="597" count="0" type="stmt"/>
        <line num="601" count="0" type="stmt"/>
        <line num="602" count="0" type="stmt"/>
        <line num="603" count="0" type="stmt"/>
        <line num="604" count="0" type="stmt"/>
        <line num="605" count="0" type="stmt"/>
        <line num="606" count="0" type="stmt"/>
        <line num="608" count="0" type="stmt"/>
        <line num="610" count="0" type="stmt"/>
        <line num="611" count="0" type="stmt"/>
        <line num="615" count="0" type="stmt"/>
        <line num="616" count="0" type="stmt"/>
        <line num="617" count="0" type="cond" truecount="0" falsecount="4"/>
        <line num="618" count="0" type="stmt"/>
        <line num="621" count="0" type="stmt"/>
        <line num="622" count="0" type="stmt"/>
        <line num="629" count="0" type="stmt"/>
        <line num="634" count="0" type="stmt"/>
        <line num="635" count="0" type="stmt"/>
        <line num="640" count="0" type="stmt"/>
        <line num="644" count="0" type="stmt"/>
        <line num="645" count="0" type="stmt"/>
        <line num="646" count="0" type="cond" truecount="0" falsecount="2"/>
        <line num="649" count="0" type="stmt"/>
        <line num="651" count="0" type="stmt"/>
        <line num="653" count="0" type="stmt"/>
        <line num="656" count="0" type="stmt"/>
        <line num="661" count="0" type="stmt"/>
        <line num="662" count="0" type="stmt"/>
        <line num="664" count="0" type="stmt"/>
        <line num="667" count="0" type="cond" truecount="0" falsecount="2"/>
        <line num="668" count="0" type="stmt"/>
        <line num="669" count="0" type="stmt"/>
        <line num="674" count="0" type="stmt"/>
        <line num="676" count="0" type="stmt"/>
        <line num="678" count="0" type="stmt"/>
        <line num="681" count="0" type="stmt"/>
        <line num="685" count="0" type="stmt"/>
        <line num="686" count="0" type="stmt"/>
        <line num="688" count="0" type="stmt"/>
        <line num="692" count="0" type="stmt"/>
        <line num="693" count="0" type="cond" truecount="0" falsecount="2"/>
        <line num="695" count="0" type="stmt"/>
        <line num="697" count="0" type="stmt"/>
        <line num="698" count="0" type="stmt"/>
        <line num="699" count="0" type="cond" truecount="0" falsecount="2"/>
        <line num="700" count="0" type="stmt"/>
        <line num="701" count="0" type="stmt"/>
        <line num="704" count="0" type="cond" truecount="0" falsecount="4"/>
        <line num="705" count="0" type="stmt"/>
        <line num="713" count="0" type="cond" truecount="0" falsecount="2"/>
        <line num="717" count="0" type="stmt"/>
        <line num="722" count="0" type="stmt"/>
        <line num="723" count="0" type="stmt"/>
        <line num="724" count="0" type="stmt"/>
        <line num="728" count="0" type="stmt"/>
        <line num="730" count="0" type="stmt"/>
        <line num="731" count="0" type="stmt"/>
        <line num="733" count="0" type="stmt"/>
        <line num="737" count="0" type="stmt"/>
        <line num="738" count="0" type="cond" truecount="0" falsecount="2"/>
        <line num="741" count="0" type="stmt"/>
        <line num="742" count="0" type="stmt"/>
        <line num="744" count="0" type="stmt"/>
        <line num="745" count="0" type="stmt"/>
        <line num="748" count="0" type="stmt"/>
        <line num="749" count="0" type="cond" truecount="0" falsecount="2"/>
        <line num="751" count="0" type="stmt"/>
        <line num="752" count="0" type="stmt"/>
        <line num="758" count="0" type="stmt"/>
        <line num="759" count="0" type="stmt"/>
        <line num="760" count="0" type="stmt"/>
        <line num="763" count="0" type="stmt"/>
        <line num="764" count="0" type="cond" truecount="0" falsecount="2"/>
        <line num="767" count="0" type="stmt"/>
        <line num="768" count="0" type="stmt"/>
        <line num="770" count="0" type="stmt"/>
        <line num="771" count="0" type="stmt"/>
        <line num="772" count="0" type="stmt"/>
        <line num="773" count="0" type="cond" truecount="0" falsecount="2"/>
        <line num="774" count="0" type="stmt"/>
        <line num="775" count="0" type="stmt"/>
        <line num="778" count="0" type="stmt"/>
        <line num="779" count="0" type="stmt"/>
        <line num="782" count="0" type="stmt"/>
        <line num="783" count="0" type="cond" truecount="0" falsecount="2"/>
        <line num="786" count="0" type="stmt"/>
        <line num="789" count="0" type="stmt"/>
        <line num="792" count="0" type="stmt"/>
        <line num="793" count="0" type="stmt"/>
        <line num="802" count="0" type="stmt"/>
        <line num="807" count="0" type="stmt"/>
        <line num="852" count="0" type="stmt"/>
        <line num="856" count="0" type="stmt"/>
        <line num="859" count="0" type="stmt"/>
        <line num="863" count="0" type="stmt"/>
        <line num="939" count="0" type="stmt"/>
        <line num="948" count="0" type="stmt"/>
        <line num="953" count="0" type="stmt"/>
        <line num="970" count="0" type="stmt"/>
        <line num="977" count="0" type="stmt"/>
        <line num="992" count="0" type="stmt"/>
        <line num="1004" count="0" type="stmt"/>
        <line num="1007" count="0" type="stmt"/>
        <line num="1015" count="0" type="stmt"/>
        <line num="1018" count="0" type="stmt"/>
        <line num="1033" count="0" type="stmt"/>
        <line num="1034" count="0" type="stmt"/>
        <line num="1035" count="0" type="stmt"/>
        <line num="1038" count="0" type="cond" truecount="0" falsecount="2"/>
        <line num="1039" count="0" type="stmt"/>
        <line num="1043" count="0" type="stmt"/>
        <line num="1044" count="0" type="stmt"/>
        <line num="1045" count="0" type="stmt"/>
        <line num="1048" count="0" type="cond" truecount="0" falsecount="2"/>
        <line num="1049" count="0" type="stmt"/>
        <line num="1053" count="0" type="stmt"/>
        <line num="1058" count="0" type="stmt"/>
        <line num="1061" count="0" type="stmt"/>
        <line num="1063" count="0" type="stmt"/>
        <line num="1078" count="0" type="stmt"/>
        <line num="1122" count="0" type="stmt"/>
        <line num="1123" count="0" type="stmt"/>
        <line num="1130" count="0" type="stmt"/>
        <line num="1131" count="0" type="stmt"/>
        <line num="1138" count="0" type="stmt"/>
        <line num="1139" count="0" type="stmt"/>
        <line num="1146" count="0" type="stmt"/>
        <line num="1147" count="0" type="stmt"/>
        <line num="1157" count="0" type="stmt"/>
        <line num="1166" count="0" type="stmt"/>
        <line num="1172" count="0" type="stmt"/>
      </file>
    </package>
    <package name="styles">
      <metrics statements="1" coveredstatements="1" conditionals="0" coveredconditionals="0" methods="1" coveredmethods="0"/>
      <file name="HomeScreenStyles.ts" path="C:\Users\Mah\Documents\Trabalho\Listai\src\styles\HomeScreenStyles.ts">
        <metrics statements="1" coveredstatements="1" conditionals="0" coveredconditionals="0" methods="1" coveredmethods="0"/>
        <line num="51" count="1" type="stmt"/>
      </file>
    </package>
    <package name="utils">
      <metrics statements="39" coveredstatements="5" conditionals="31" coveredconditionals="0" methods="10" coveredmethods="0"/>
      <file name="similarityUtils.ts" path="C:\Users\Mah\Documents\Trabalho\Listai\src\utils\similarityUtils.ts">
        <metrics statements="24" coveredstatements="4" conditionals="7" coveredconditionals="0" methods="9" coveredmethods="0"/>
        <line num="3" count="2" type="stmt"/>
        <line num="4" count="0" type="stmt"/>
        <line num="12" count="2" type="stmt"/>
        <line num="13" count="0" type="stmt"/>
        <line num="14" count="0" type="stmt"/>
        <line num="16" count="0" type="cond" truecount="0" falsecount="2"/>
        <line num="17" count="0" type="cond" truecount="0" falsecount="4"/>
        <line num="19" count="0" type="stmt"/>
        <line num="20" count="0" type="stmt"/>
        <line num="21" count="0" type="stmt"/>
        <line num="22" count="0" type="stmt"/>
        <line num="24" count="0" type="stmt"/>
        <line num="27" count="2" type="stmt"/>
        <line num="28" count="0" type="stmt"/>
        <line num="29" count="0" type="stmt"/>
        <line num="30" count="0" type="stmt"/>
        <line num="32" count="0" type="stmt"/>
        <line num="35" count="2" type="cond" truecount="0" falsecount="1"/>
        <line num="36" count="0" type="stmt"/>
        <line num="38" count="0" type="stmt"/>
        <line num="39" count="0" type="stmt"/>
        <line num="43" count="0" type="stmt"/>
        <line num="44" count="0" type="stmt"/>
        <line num="45" count="0" type="stmt"/>
      </file>
      <file name="stringUtils.ts" path="C:\Users\Mah\Documents\Trabalho\Listai\src\utils\stringUtils.ts">
        <metrics statements="15" coveredstatements="1" conditionals="24" coveredconditionals="0" methods="1" coveredmethods="0"/>
        <line num="2" count="2" type="stmt"/>
        <line num="3" count="0" type="stmt"/>
        <line num="4" count="0" type="cond" truecount="0" falsecount="2"/>
        <line num="5" count="0" type="cond" truecount="0" falsecount="2"/>
        <line num="6" count="0" type="cond" truecount="0" falsecount="2"/>
        <line num="7" count="0" type="cond" truecount="0" falsecount="2"/>
        <line num="8" count="0" type="cond" truecount="0" falsecount="2"/>
        <line num="9" count="0" type="cond" truecount="0" falsecount="2"/>
        <line num="10" count="0" type="cond" truecount="0" falsecount="2"/>
        <line num="11" count="0" type="cond" truecount="0" falsecount="2"/>
        <line num="12" count="0" type="cond" truecount="0" falsecount="2"/>
        <line num="13" count="0" type="cond" truecount="0" falsecount="2"/>
        <line num="14" count="0" type="cond" truecount="0" falsecount="2"/>
        <line num="15" count="0" type="cond" truecount="0" falsecount="2"/>
        <line num="16" count="0" type="stmt"/>
      </file>
    </package>
  </project>
</coverage>
