{"C:\\Users\\Mah\\Documents\\Trabalho\\Listai\\src\\components\\ConfirmationModal.tsx": {"path":"C:\\Users\\Mah\\Documents\\Trabalho\\Listai\\src\\components\\ConfirmationModal.tsx","statementMap":{"0":{"start":{"line":4,"column":26},"end":{"line":24,"column":1}},"1":{"start":{"line":5,"column":2},"end":{"line":23,"column":4}},"2":{"start":{"line":26,"column":15},"end":{"line":55,"column":2}}},"fnMap":{"0":{"name":"(anonymous_0)","decl":{"start":{"line":4,"column":26},"end":{"line":4,"column":27}},"loc":{"start":{"line":4,"column":63},"end":{"line":24,"column":1}},"line":4}},"branchMap":{},"s":{"0":0,"1":0,"2":0},"f":{"0":0},"b":{}}
,"C:\\Users\\Mah\\Documents\\Trabalho\\Listai\\src\\database\\database.ts": {"path":"C:\\Users\\Mah\\Documents\\Trabalho\\Listai\\src\\database\\database.ts","statementMap":{"0":{"start":{"line":3,"column":39},"end":{"line":3,"column":43}},"1":{"start":{"line":5,"column":34},"end":{"line":13,"column":1}},"2":{"start":{"line":8,"column":2},"end":{"line":11,"column":3}},"3":{"start":{"line":9,"column":4},"end":{"line":9,"column":54}},"4":{"start":{"line":12,"column":2},"end":{"line":12,"column":12}},"5":{"start":{"line":15,"column":14},"end":{"line":22,"column":1}},"6":{"start":{"line":16,"column":2},"end":{"line":20,"column":3}},"7":{"start":{"line":17,"column":4},"end":{"line":19,"column":6}},"8":{"start":{"line":21,"column":2},"end":{"line":21,"column":12}},"9":{"start":{"line":38,"column":24},"end":{"line":52,"column":1}},"10":{"start":{"line":54,"column":27},"end":{"line":65,"column":1}},"11":{"start":{"line":55,"column":2},"end":{"line":64,"column":3}},"12":{"start":{"line":56,"column":19},"end":{"line":58,"column":7}},"13":{"start":{"line":59,"column":4},"end":{"line":59,"column":34}},"14":{"start":{"line":60,"column":4},"end":{"line":60,"column":55}},"15":{"start":{"line":60,"column":38},"end":{"line":60,"column":53}},"16":{"start":{"line":62,"column":4},"end":{"line":62,"column":72}},"17":{"start":{"line":63,"column":4},"end":{"line":63,"column":14}},"18":{"start":{"line":67,"column":25},"end":{"line":88,"column":1}},"19":{"start":{"line":73,"column":2},"end":{"line":79,"column":4}},"20":{"start":{"line":81,"column":4},"end":{"line":81,"column":72}},"21":{"start":{"line":82,"column":25},"end":{"line":85,"column":27}},"22":{"start":{"line":86,"column":2},"end":{"line":86,"column":48}},"23":{"start":{"line":87,"column":2},"end":{"line":87,"column":35}},"24":{"start":{"line":90,"column":29},"end":{"line":135,"column":1}},"25":{"start":{"line":91,"column":2},"end":{"line":91,"column":65}},"26":{"start":{"line":92,"column":18},"end":{"line":92,"column":44}},"27":{"start":{"line":95,"column":20},"end":{"line":95,"column":25}},"28":{"start":{"line":96,"column":2},"end":{"line":105,"column":3}},"29":{"start":{"line":97,"column":4},"end":{"line":97,"column":60}},"30":{"start":{"line":98,"column":4},"end":{"line":98,"column":23}},"31":{"start":{"line":100,"column":4},"end":{"line":104,"column":5}},"32":{"start":{"line":101,"column":6},"end":{"line":101,"column":26}},"33":{"start":{"line":103,"column":6},"end":{"line":103,"column":14}},"34":{"start":{"line":107,"column":2},"end":{"line":134,"column":3}},"35":{"start":{"line":108,"column":28},"end":{"line":110,"column":21}},"36":{"start":{"line":109,"column":20},"end":{"line":109,"column":45}},"37":{"start":{"line":111,"column":4},"end":{"line":111,"column":38}},"38":{"start":{"line":113,"column":28},"end":{"line":113,"column":57}},"39":{"start":{"line":114,"column":4},"end":{"line":114,"column":52}},"40":{"start":{"line":115,"column":4},"end":{"line":115,"column":36}},"41":{"start":{"line":116,"column":4},"end":{"line":133,"column":7}},"42":{"start":{"line":117,"column":6},"end":{"line":132,"column":7}},"43":{"start":{"line":118,"column":8},"end":{"line":124,"column":10}},"44":{"start":{"line":126,"column":8},"end":{"line":131,"column":10}},"45":{"start":{"line":137,"column":28},"end":{"line":152,"column":1}},"46":{"start":{"line":138,"column":2},"end":{"line":151,"column":5}},"47":{"start":{"line":139,"column":4},"end":{"line":150,"column":5}},"48":{"start":{"line":140,"column":23},"end":{"line":140,"column":30}},"49":{"start":{"line":141,"column":6},"end":{"line":143,"column":8}},"50":{"start":{"line":144,"column":6},"end":{"line":146,"column":8}},"51":{"start":{"line":147,"column":6},"end":{"line":147,"column":20}},"52":{"start":{"line":149,"column":6},"end":{"line":149,"column":20}},"53":{"start":{"line":154,"column":29},"end":{"line":168,"column":1}},"54":{"start":{"line":158,"column":2},"end":{"line":167,"column":5}},"55":{"start":{"line":159,"column":4},"end":{"line":166,"column":5}},"56":{"start":{"line":160,"column":6},"end":{"line":162,"column":8}},"57":{"start":{"line":163,"column":6},"end":{"line":163,"column":16}},"58":{"start":{"line":165,"column":6},"end":{"line":165,"column":20}},"59":{"start":{"line":170,"column":26},"end":{"line":206,"column":1}},"60":{"start":{"line":174,"column":13},"end":{"line":174,"column":20}},"61":{"start":{"line":175,"column":2},"end":{"line":205,"column":3}},"62":{"start":{"line":177,"column":28},"end":{"line":180,"column":5}},"63":{"start":{"line":182,"column":4},"end":{"line":184,"column":5}},"64":{"start":{"line":183,"column":6},"end":{"line":183,"column":32}},"65":{"start":{"line":186,"column":4},"end":{"line":189,"column":6}},"66":{"start":{"line":192,"column":28},"end":{"line":194,"column":5}},"67":{"start":{"line":196,"column":4},"end":{"line":200,"column":5}},"68":{"start":{"line":197,"column":6},"end":{"line":197,"column":32}},"69":{"start":{"line":199,"column":6},"end":{"line":199,"column":51}},"70":{"start":{"line":202,"column":4},"end":{"line":202,"column":32}},"71":{"start":{"line":203,"column":4},"end":{"line":203,"column":50}},"72":{"start":{"line":204,"column":4},"end":{"line":204,"column":35}},"73":{"start":{"line":208,"column":27},"end":{"line":236,"column":1}},"74":{"start":{"line":209,"column":2},"end":{"line":235,"column":5}},"75":{"start":{"line":210,"column":4},"end":{"line":234,"column":5}},"76":{"start":{"line":211,"column":23},"end":{"line":211,"column":30}},"77":{"start":{"line":212,"column":21},"end":{"line":214,"column":7}},"78":{"start":{"line":215,"column":6},"end":{"line":215,"column":35}},"79":{"start":{"line":217,"column":6},"end":{"line":233,"column":7}},"80":{"start":{"line":221,"column":8},"end":{"line":230,"column":9}},"81":{"start":{"line":222,"column":10},"end":{"line":222,"column":77}},"82":{"start":{"line":223,"column":10},"end":{"line":223,"column":43}},"83":{"start":{"line":224,"column":25},"end":{"line":226,"column":11}},"84":{"start":{"line":227,"column":10},"end":{"line":227,"column":39}},"85":{"start":{"line":229,"column":10},"end":{"line":229,"column":30}},"86":{"start":{"line":232,"column":8},"end":{"line":232,"column":22}},"87":{"start":{"line":238,"column":33},"end":{"line":269,"column":1}},"88":{"start":{"line":241,"column":2},"end":{"line":268,"column":5}},"89":{"start":{"line":242,"column":4},"end":{"line":267,"column":5}},"90":{"start":{"line":243,"column":23},"end":{"line":243,"column":30}},"91":{"start":{"line":245,"column":26},"end":{"line":245,"column":28}},"92":{"start":{"line":247,"column":6},"end":{"line":261,"column":7}},"93":{"start":{"line":248,"column":8},"end":{"line":251,"column":32}},"94":{"start":{"line":253,"column":24},"end":{"line":255,"column":39}},"95":{"start":{"line":256,"column":8},"end":{"line":259,"column":9}},"96":{"start":{"line":257,"column":10},"end":{"line":257,"column":22}},"97":{"start":{"line":258,"column":10},"end":{"line":258,"column":17}},"98":{"start":{"line":260,"column":8},"end":{"line":260,"column":101}},"99":{"start":{"line":263,"column":21},"end":{"line":263,"column":76}},"100":{"start":{"line":264,"column":6},"end":{"line":264,"column":22}},"101":{"start":{"line":271,"column":29},"end":{"line":282,"column":1}},"102":{"start":{"line":272,"column":2},"end":{"line":281,"column":5}},"103":{"start":{"line":273,"column":4},"end":{"line":280,"column":5}},"104":{"start":{"line":274,"column":6},"end":{"line":276,"column":8}},"105":{"start":{"line":277,"column":6},"end":{"line":277,"column":16}},"106":{"start":{"line":279,"column":6},"end":{"line":279,"column":20}},"107":{"start":{"line":284,"column":34},"end":{"line":329,"column":1}},"108":{"start":{"line":287,"column":2},"end":{"line":328,"column":5}},"109":{"start":{"line":288,"column":4},"end":{"line":327,"column":5}},"110":{"start":{"line":289,"column":23},"end":{"line":289,"column":30}},"111":{"start":{"line":290,"column":18},"end":{"line":290,"column":58}},"112":{"start":{"line":291,"column":25},"end":{"line":291,"column":42}},"113":{"start":{"line":292,"column":25},"end":{"line":296,"column":21}},"114":{"start":{"line":297,"column":23},"end":{"line":301,"column":21}},"115":{"start":{"line":303,"column":29},"end":{"line":305,"column":45}},"116":{"start":{"line":307,"column":6},"end":{"line":321,"column":9}},"117":{"start":{"line":308,"column":30},"end":{"line":310,"column":27}},"118":{"start":{"line":312,"column":8},"end":{"line":320,"column":9}},"119":{"start":{"line":313,"column":10},"end":{"line":315,"column":12}},"120":{"start":{"line":317,"column":10},"end":{"line":319,"column":12}},"121":{"start":{"line":323,"column":6},"end":{"line":323,"column":16}},"122":{"start":{"line":325,"column":6},"end":{"line":325,"column":59}},"123":{"start":{"line":326,"column":6},"end":{"line":326,"column":20}},"124":{"start":{"line":331,"column":29},"end":{"line":341,"column":1}},"125":{"start":{"line":332,"column":2},"end":{"line":340,"column":5}},"126":{"start":{"line":333,"column":4},"end":{"line":339,"column":5}},"127":{"start":{"line":334,"column":6},"end":{"line":334,"column":70}},"128":{"start":{"line":335,"column":6},"end":{"line":335,"column":16}},"129":{"start":{"line":337,"column":6},"end":{"line":337,"column":34}},"130":{"start":{"line":338,"column":6},"end":{"line":338,"column":20}},"131":{"start":{"line":343,"column":34},"end":{"line":374,"column":1}},"132":{"start":{"line":346,"column":2},"end":{"line":373,"column":5}},"133":{"start":{"line":349,"column":4},"end":{"line":372,"column":5}},"134":{"start":{"line":350,"column":6},"end":{"line":350,"column":25}},"135":{"start":{"line":351,"column":6},"end":{"line":351,"column":46}},"136":{"start":{"line":353,"column":6},"end":{"line":358,"column":9}},"137":{"start":{"line":354,"column":8},"end":{"line":357,"column":10}},"138":{"start":{"line":360,"column":6},"end":{"line":360,"column":35}},"139":{"start":{"line":361,"column":6},"end":{"line":361,"column":16}},"140":{"start":{"line":364,"column":6},"end":{"line":370,"column":7}},"141":{"start":{"line":365,"column":8},"end":{"line":369,"column":9}},"142":{"start":{"line":366,"column":10},"end":{"line":366,"column":41}},"143":{"start":{"line":368,"column":10},"end":{"line":368,"column":65}},"144":{"start":{"line":371,"column":6},"end":{"line":371,"column":20}},"145":{"start":{"line":376,"column":33},"end":{"line":390,"column":1}},"146":{"start":{"line":377,"column":2},"end":{"line":389,"column":5}},"147":{"start":{"line":378,"column":4},"end":{"line":388,"column":5}},"148":{"start":{"line":379,"column":23},"end":{"line":379,"column":30}},"149":{"start":{"line":380,"column":26},"end":{"line":380,"column":50}},"150":{"start":{"line":381,"column":6},"end":{"line":383,"column":8}},"151":{"start":{"line":384,"column":6},"end":{"line":384,"column":16}},"152":{"start":{"line":386,"column":6},"end":{"line":386,"column":59}},"153":{"start":{"line":387,"column":6},"end":{"line":387,"column":20}},"154":{"start":{"line":392,"column":50},"end":{"line":410,"column":1}},"155":{"start":{"line":397,"column":2},"end":{"line":409,"column":5}},"156":{"start":{"line":398,"column":4},"end":{"line":408,"column":5}},"157":{"start":{"line":399,"column":23},"end":{"line":399,"column":30}},"158":{"start":{"line":400,"column":25},"end":{"line":400,"column":43}},"159":{"start":{"line":401,"column":6},"end":{"line":403,"column":8}},"160":{"start":{"line":404,"column":6},"end":{"line":404,"column":16}},"161":{"start":{"line":406,"column":6},"end":{"line":406,"column":78}},"162":{"start":{"line":407,"column":6},"end":{"line":407,"column":20}},"163":{"start":{"line":412,"column":37},"end":{"line":426,"column":1}},"164":{"start":{"line":416,"column":2},"end":{"line":425,"column":3}},"165":{"start":{"line":417,"column":21},"end":{"line":417,"column":28}},"166":{"start":{"line":418,"column":4},"end":{"line":421,"column":7}},"167":{"start":{"line":423,"column":4},"end":{"line":423,"column":61}},"168":{"start":{"line":424,"column":4},"end":{"line":424,"column":16}},"169":{"start":{"line":428,"column":41},"end":{"line":466,"column":1}},"170":{"start":{"line":432,"column":16},"end":{"line":432,"column":54}},"171":{"start":{"line":434,"column":2},"end":{"line":465,"column":3}},"172":{"start":{"line":435,"column":21},"end":{"line":435,"column":28}},"173":{"start":{"line":436,"column":4},"end":{"line":460,"column":7}},"174":{"start":{"line":462,"column":4},"end":{"line":462,"column":65}},"175":{"start":{"line":463,"column":4},"end":{"line":463,"column":40}},"176":{"start":{"line":464,"column":4},"end":{"line":464,"column":16}}},"fnMap":{"0":{"name":"(anonymous_0)","decl":{"start":{"line":5,"column":34},"end":{"line":5,"column":35}},"loc":{"start":{"line":7,"column":37},"end":{"line":13,"column":1}},"line":7},"1":{"name":"(anonymous_1)","decl":{"start":{"line":15,"column":14},"end":{"line":15,"column":15}},"loc":{"start":{"line":15,"column":43},"end":{"line":22,"column":1}},"line":15},"2":{"name":"(anonymous_2)","decl":{"start":{"line":54,"column":27},"end":{"line":54,"column":28}},"loc":{"start":{"line":54,"column":60},"end":{"line":65,"column":1}},"line":54},"3":{"name":"(anonymous_3)","decl":{"start":{"line":60,"column":22},"end":{"line":60,"column":23}},"loc":{"start":{"line":60,"column":38},"end":{"line":60,"column":53}},"line":60},"4":{"name":"(anonymous_4)","decl":{"start":{"line":67,"column":25},"end":{"line":67,"column":26}},"loc":{"start":{"line":72,"column":5},"end":{"line":88,"column":1}},"line":72},"5":{"name":"(anonymous_5)","decl":{"start":{"line":90,"column":29},"end":{"line":90,"column":30}},"loc":{"start":{"line":90,"column":52},"end":{"line":135,"column":1}},"line":90},"6":{"name":"(anonymous_6)","decl":{"start":{"line":109,"column":11},"end":{"line":109,"column":12}},"loc":{"start":{"line":109,"column":20},"end":{"line":109,"column":45}},"line":109},"7":{"name":"(anonymous_7)","decl":{"start":{"line":116,"column":20},"end":{"line":116,"column":21}},"loc":{"start":{"line":116,"column":40},"end":{"line":133,"column":5}},"line":116},"8":{"name":"(anonymous_8)","decl":{"start":{"line":137,"column":28},"end":{"line":137,"column":29}},"loc":{"start":{"line":137,"column":34},"end":{"line":152,"column":1}},"line":137},"9":{"name":"(anonymous_9)","decl":{"start":{"line":138,"column":21},"end":{"line":138,"column":22}},"loc":{"start":{"line":138,"column":42},"end":{"line":151,"column":3}},"line":138},"10":{"name":"(anonymous_10)","decl":{"start":{"line":154,"column":29},"end":{"line":154,"column":30}},"loc":{"start":{"line":157,"column":20},"end":{"line":168,"column":1}},"line":157},"11":{"name":"(anonymous_11)","decl":{"start":{"line":158,"column":21},"end":{"line":158,"column":22}},"loc":{"start":{"line":158,"column":42},"end":{"line":167,"column":3}},"line":158},"12":{"name":"(anonymous_12)","decl":{"start":{"line":170,"column":26},"end":{"line":170,"column":27}},"loc":{"start":{"line":173,"column":22},"end":{"line":206,"column":1}},"line":173},"13":{"name":"(anonymous_13)","decl":{"start":{"line":208,"column":27},"end":{"line":208,"column":28}},"loc":{"start":{"line":208,"column":53},"end":{"line":236,"column":1}},"line":208},"14":{"name":"(anonymous_14)","decl":{"start":{"line":209,"column":21},"end":{"line":209,"column":22}},"loc":{"start":{"line":209,"column":48},"end":{"line":235,"column":3}},"line":209},"15":{"name":"(anonymous_15)","decl":{"start":{"line":238,"column":33},"end":{"line":238,"column":34}},"loc":{"start":{"line":240,"column":33},"end":{"line":269,"column":1}},"line":240},"16":{"name":"(anonymous_16)","decl":{"start":{"line":241,"column":21},"end":{"line":241,"column":22}},"loc":{"start":{"line":241,"column":48},"end":{"line":268,"column":3}},"line":241},"17":{"name":"(anonymous_17)","decl":{"start":{"line":271,"column":29},"end":{"line":271,"column":30}},"loc":{"start":{"line":271,"column":78},"end":{"line":282,"column":1}},"line":271},"18":{"name":"(anonymous_18)","decl":{"start":{"line":272,"column":21},"end":{"line":272,"column":22}},"loc":{"start":{"line":272,"column":42},"end":{"line":281,"column":3}},"line":272},"19":{"name":"(anonymous_19)","decl":{"start":{"line":284,"column":34},"end":{"line":284,"column":35}},"loc":{"start":{"line":286,"column":20},"end":{"line":329,"column":1}},"line":286},"20":{"name":"(anonymous_20)","decl":{"start":{"line":287,"column":21},"end":{"line":287,"column":22}},"loc":{"start":{"line":287,"column":42},"end":{"line":328,"column":3}},"line":287},"21":{"name":"(anonymous_21)","decl":{"start":{"line":307,"column":29},"end":{"line":307,"column":30}},"loc":{"start":{"line":307,"column":42},"end":{"line":321,"column":7}},"line":307},"22":{"name":"(anonymous_22)","decl":{"start":{"line":331,"column":29},"end":{"line":331,"column":30}},"loc":{"start":{"line":331,"column":66},"end":{"line":341,"column":1}},"line":331},"23":{"name":"(anonymous_23)","decl":{"start":{"line":332,"column":21},"end":{"line":332,"column":22}},"loc":{"start":{"line":332,"column":48},"end":{"line":340,"column":3}},"line":332},"24":{"name":"(anonymous_24)","decl":{"start":{"line":343,"column":34},"end":{"line":343,"column":35}},"loc":{"start":{"line":345,"column":20},"end":{"line":374,"column":1}},"line":345},"25":{"name":"(anonymous_25)","decl":{"start":{"line":346,"column":21},"end":{"line":346,"column":22}},"loc":{"start":{"line":346,"column":42},"end":{"line":373,"column":3}},"line":346},"26":{"name":"(anonymous_26)","decl":{"start":{"line":353,"column":22},"end":{"line":353,"column":23}},"loc":{"start":{"line":353,"column":41},"end":{"line":358,"column":7}},"line":353},"27":{"name":"(anonymous_27)","decl":{"start":{"line":376,"column":33},"end":{"line":376,"column":34}},"loc":{"start":{"line":376,"column":78},"end":{"line":390,"column":1}},"line":376},"28":{"name":"(anonymous_28)","decl":{"start":{"line":377,"column":21},"end":{"line":377,"column":22}},"loc":{"start":{"line":377,"column":42},"end":{"line":389,"column":3}},"line":377},"29":{"name":"(anonymous_29)","decl":{"start":{"line":392,"column":50},"end":{"line":392,"column":51}},"loc":{"start":{"line":396,"column":20},"end":{"line":410,"column":1}},"line":396},"30":{"name":"(anonymous_30)","decl":{"start":{"line":397,"column":21},"end":{"line":397,"column":22}},"loc":{"start":{"line":397,"column":42},"end":{"line":409,"column":3}},"line":397},"31":{"name":"(anonymous_31)","decl":{"start":{"line":412,"column":37},"end":{"line":412,"column":38}},"loc":{"start":{"line":415,"column":20},"end":{"line":426,"column":1}},"line":415},"32":{"name":"(anonymous_32)","decl":{"start":{"line":428,"column":41},"end":{"line":428,"column":42}},"loc":{"start":{"line":431,"column":20},"end":{"line":466,"column":1}},"line":431}},"branchMap":{"0":{"loc":{"start":{"line":6,"column":2},"end":{"line":6,"column":36}},"type":"default-arg","locations":[{"start":{"line":6,"column":25},"end":{"line":6,"column":36}}],"line":6},"1":{"loc":{"start":{"line":8,"column":2},"end":{"line":11,"column":3}},"type":"if","locations":[{"start":{"line":8,"column":2},"end":{"line":11,"column":3}},{"start":{},"end":{}}],"line":8},"2":{"loc":{"start":{"line":16,"column":2},"end":{"line":20,"column":3}},"type":"if","locations":[{"start":{"line":16,"column":2},"end":{"line":20,"column":3}},{"start":{},"end":{}}],"line":16},"3":{"loc":{"start":{"line":81,"column":4},"end":{"line":81,"column":72}},"type":"cond-expr","locations":[{"start":{"line":81,"column":42},"end":{"line":81,"column":67}},{"start":{"line":81,"column":70},"end":{"line":81,"column":72}}],"line":81},"4":{"loc":{"start":{"line":100,"column":4},"end":{"line":104,"column":5}},"type":"if","locations":[{"start":{"line":100,"column":4},"end":{"line":104,"column":5}},{"start":{"line":102,"column":11},"end":{"line":104,"column":5}}],"line":100},"5":{"loc":{"start":{"line":107,"column":2},"end":{"line":134,"column":3}},"type":"if","locations":[{"start":{"line":107,"column":2},"end":{"line":134,"column":3}},{"start":{"line":112,"column":9},"end":{"line":134,"column":3}}],"line":107},"6":{"loc":{"start":{"line":117,"column":6},"end":{"line":132,"column":7}},"type":"if","locations":[{"start":{"line":117,"column":6},"end":{"line":132,"column":7}},{"start":{},"end":{}}],"line":117},"7":{"loc":{"start":{"line":182,"column":4},"end":{"line":184,"column":5}},"type":"if","locations":[{"start":{"line":182,"column":4},"end":{"line":184,"column":5}},{"start":{},"end":{}}],"line":182},"8":{"loc":{"start":{"line":196,"column":4},"end":{"line":200,"column":5}},"type":"if","locations":[{"start":{"line":196,"column":4},"end":{"line":200,"column":5}},{"start":{"line":198,"column":11},"end":{"line":200,"column":5}}],"line":196},"9":{"loc":{"start":{"line":196,"column":8},"end":{"line":196,"column":45}},"type":"binary-expr","locations":[{"start":{"line":196,"column":8},"end":{"line":196,"column":23}},{"start":{"line":196,"column":27},"end":{"line":196,"column":45}}],"line":196},"10":{"loc":{"start":{"line":217,"column":6},"end":{"line":233,"column":7}},"type":"if","locations":[{"start":{"line":217,"column":6},"end":{"line":233,"column":7}},{"start":{"line":231,"column":13},"end":{"line":233,"column":7}}],"line":217},"11":{"loc":{"start":{"line":218,"column":8},"end":{"line":219,"column":47}},"type":"binary-expr","locations":[{"start":{"line":218,"column":8},"end":{"line":218,"column":48}},{"start":{"line":219,"column":8},"end":{"line":219,"column":47}}],"line":218},"12":{"loc":{"start":{"line":247,"column":6},"end":{"line":261,"column":7}},"type":"if","locations":[{"start":{"line":247,"column":6},"end":{"line":261,"column":7}},{"start":{"line":252,"column":13},"end":{"line":261,"column":7}}],"line":247},"13":{"loc":{"start":{"line":256,"column":8},"end":{"line":259,"column":9}},"type":"if","locations":[{"start":{"line":256,"column":8},"end":{"line":259,"column":9}},{"start":{},"end":{}}],"line":256},"14":{"loc":{"start":{"line":290,"column":18},"end":{"line":290,"column":58}},"type":"cond-expr","locations":[{"start":{"line":290,"column":33},"end":{"line":290,"column":45}},{"start":{"line":290,"column":48},"end":{"line":290,"column":58}}],"line":290},"15":{"loc":{"start":{"line":312,"column":8},"end":{"line":320,"column":9}},"type":"if","locations":[{"start":{"line":312,"column":8},"end":{"line":320,"column":9}},{"start":{"line":316,"column":15},"end":{"line":320,"column":9}}],"line":312},"16":{"loc":{"start":{"line":364,"column":6},"end":{"line":370,"column":7}},"type":"if","locations":[{"start":{"line":364,"column":6},"end":{"line":370,"column":7}},{"start":{},"end":{}}],"line":364}},"s":{"0":1,"1":1,"2":2,"3":1,"4":2,"5":1,"6":2,"7":0,"8":2,"9":1,"10":1,"11":0,"12":0,"13":0,"14":0,"15":0,"16":0,"17":0,"18":1,"19":0,"20":0,"21":0,"22":0,"23":0,"24":1,"25":0,"26":0,"27":0,"28":0,"29":0,"30":0,"31":0,"32":0,"33":0,"34":0,"35":0,"36":0,"37":0,"38":0,"39":0,"40":0,"41":0,"42":0,"43":0,"44":0,"45":1,"46":0,"47":0,"48":0,"49":0,"50":0,"51":0,"52":0,"53":1,"54":0,"55":0,"56":0,"57":0,"58":0,"59":1,"60":0,"61":0,"62":0,"63":0,"64":0,"65":0,"66":0,"67":0,"68":0,"69":0,"70":0,"71":0,"72":0,"73":1,"74":0,"75":0,"76":0,"77":0,"78":0,"79":0,"80":0,"81":0,"82":0,"83":0,"84":0,"85":0,"86":0,"87":1,"88":0,"89":0,"90":0,"91":0,"92":0,"93":0,"94":0,"95":0,"96":0,"97":0,"98":0,"99":0,"100":0,"101":1,"102":0,"103":0,"104":0,"105":0,"106":0,"107":1,"108":0,"109":0,"110":0,"111":0,"112":0,"113":0,"114":0,"115":0,"116":0,"117":0,"118":0,"119":0,"120":0,"121":0,"122":0,"123":0,"124":1,"125":0,"126":0,"127":0,"128":0,"129":0,"130":0,"131":1,"132":2,"133":2,"134":2,"135":2,"136":1,"137":2,"138":1,"139":1,"140":1,"141":1,"142":1,"143":0,"144":1,"145":1,"146":0,"147":0,"148":0,"149":0,"150":0,"151":0,"152":0,"153":0,"154":1,"155":0,"156":0,"157":0,"158":0,"159":0,"160":0,"161":0,"162":0,"163":1,"164":0,"165":0,"166":0,"167":0,"168":0,"169":1,"170":0,"171":0,"172":0,"173":0,"174":0,"175":0,"176":0},"f":{"0":2,"1":2,"2":0,"3":0,"4":0,"5":0,"6":0,"7":0,"8":0,"9":0,"10":0,"11":0,"12":0,"13":0,"14":0,"15":0,"16":0,"17":0,"18":0,"19":0,"20":0,"21":0,"22":0,"23":0,"24":2,"25":2,"26":2,"27":0,"28":0,"29":0,"30":0,"31":0,"32":0},"b":{"0":[2],"1":[1,1],"2":[0,2],"3":[0,0],"4":[0,0],"5":[0,0],"6":[0,0],"7":[0,0],"8":[0,0],"9":[0,0],"10":[0,0],"11":[0,0],"12":[0,0],"13":[0,0],"14":[0,0],"15":[0,0],"16":[1,0]},"_coverageSchema":"1a1c01bbd47fc00a2c39e90264f33305004495a9","hash":"81ea41a434a6bde27291bd5d6d826a3adc5dee66"}
,"C:\\Users\\Mah\\Documents\\Trabalho\\Listai\\src\\screens\\AddProductScreen.tsx": {"path":"C:\\Users\\Mah\\Documents\\Trabalho\\Listai\\src\\screens\\AddProductScreen.tsx","statementMap":{"0":{"start":{"line":12,"column":26},"end":{"line":12,"column":38}},"1":{"start":{"line":13,"column":34},"end":{"line":13,"column":47}},"2":{"start":{"line":14,"column":21},"end":{"line":14,"column":68}},"3":{"start":{"line":15,"column":16},"end":{"line":15,"column":26}},"4":{"start":{"line":17,"column":23},"end":{"line":27,"column":3}},"5":{"start":{"line":18,"column":4},"end":{"line":26,"column":5}},"6":{"start":{"line":19,"column":6},"end":{"line":22,"column":8}},"7":{"start":{"line":23,"column":6},"end":{"line":23,"column":59}},"8":{"start":{"line":25,"column":6},"end":{"line":25,"column":57}},"9":{"start":{"line":29,"column":2},"end":{"line":71,"column":4}},"10":{"start":{"line":74,"column":15},"end":{"line":89,"column":2}}},"fnMap":{"0":{"name":"AddProductScreen","decl":{"start":{"line":11,"column":24},"end":{"line":11,"column":40}},"loc":{"start":{"line":11,"column":43},"end":{"line":72,"column":1}},"line":11},"1":{"name":"(anonymous_1)","decl":{"start":{"line":17,"column":23},"end":{"line":17,"column":24}},"loc":{"start":{"line":17,"column":35},"end":{"line":27,"column":3}},"line":17}},"branchMap":{"0":{"loc":{"start":{"line":31,"column":16},"end":{"line":31,"column":60}},"type":"cond-expr","locations":[{"start":{"line":31,"column":40},"end":{"line":31,"column":49}},{"start":{"line":31,"column":52},"end":{"line":31,"column":60}}],"line":31},"1":{"loc":{"start":{"line":64,"column":20},"end":{"line":64,"column":38}},"type":"binary-expr","locations":[{"start":{"line":64,"column":20},"end":{"line":64,"column":25}},{"start":{"line":64,"column":29},"end":{"line":64,"column":38}}],"line":64}},"s":{"0":0,"1":0,"2":0,"3":0,"4":0,"5":0,"6":0,"7":0,"8":0,"9":0,"10":0},"f":{"0":0,"1":0},"b":{"0":[0,0],"1":[0,0]}}
,"C:\\Users\\Mah\\Documents\\Trabalho\\Listai\\src\\screens\\EditProductScreen.tsx": {"path":"C:\\Users\\Mah\\Documents\\Trabalho\\Listai\\src\\screens\\EditProductScreen.tsx","statementMap":{"0":{"start":{"line":44,"column":16},"end":{"line":44,"column":59}},"1":{"start":{"line":45,"column":18},"end":{"line":45,"column":39}},"2":{"start":{"line":46,"column":34},"end":{"line":46,"column":79}},"3":{"start":{"line":47,"column":32},"end":{"line":47,"column":63}},"4":{"start":{"line":48,"column":21},"end":{"line":48,"column":69}},"5":{"start":{"line":49,"column":16},"end":{"line":49,"column":26}},"6":{"start":{"line":50,"column":26},"end":{"line":50,"column":55}},"7":{"start":{"line":51,"column":44},"end":{"line":51,"column":59}},"8":{"start":{"line":54,"column":2},"end":{"line":60,"column":9}},"9":{"start":{"line":55,"column":4},"end":{"line":59,"column":5}},"10":{"start":{"line":56,"column":6},"end":{"line":56,"column":47}},"11":{"start":{"line":57,"column":6},"end":{"line":57,"column":28}},"12":{"start":{"line":58,"column":6},"end":{"line":58,"column":20}},"13":{"start":{"line":63,"column":22},"end":{"line":72,"column":3}},"14":{"start":{"line":64,"column":4},"end":{"line":71,"column":5}},"15":{"start":{"line":65,"column":6},"end":{"line":70,"column":7}},"16":{"start":{"line":66,"column":21},"end":{"line":66,"column":69}},"17":{"start":{"line":67,"column":8},"end":{"line":67,"column":31}},"18":{"start":{"line":69,"column":8},"end":{"line":69,"column":60}},"19":{"start":{"line":74,"column":23},"end":{"line":83,"column":3}},"20":{"start":{"line":75,"column":4},"end":{"line":82,"column":5}},"21":{"start":{"line":76,"column":6},"end":{"line":81,"column":7}},"22":{"start":{"line":77,"column":8},"end":{"line":77,"column":60}},"23":{"start":{"line":78,"column":8},"end":{"line":78,"column":61}},"24":{"start":{"line":80,"column":8},"end":{"line":80,"column":59}},"25":{"start":{"line":85,"column":27},"end":{"line":95,"column":3}},"26":{"start":{"line":86,"column":4},"end":{"line":94,"column":5}},"27":{"start":{"line":87,"column":6},"end":{"line":93,"column":7}},"28":{"start":{"line":88,"column":8},"end":{"line":88,"column":50}},"29":{"start":{"line":89,"column":8},"end":{"line":89,"column":32}},"30":{"start":{"line":90,"column":8},"end":{"line":90,"column":64}},"31":{"start":{"line":92,"column":8},"end":{"line":92,"column":67}},"32":{"start":{"line":97,"column":23},"end":{"line":122,"column":3}},"33":{"start":{"line":98,"column":4},"end":{"line":121,"column":5}},"34":{"start":{"line":99,"column":6},"end":{"line":120,"column":8}},"35":{"start":{"line":110,"column":14},"end":{"line":115,"column":15}},"36":{"start":{"line":111,"column":16},"end":{"line":111,"column":48}},"37":{"start":{"line":112,"column":16},"end":{"line":112,"column":69}},"38":{"start":{"line":114,"column":16},"end":{"line":114,"column":65}},"39":{"start":{"line":124,"column":27},"end":{"line":130,"column":3}},"40":{"start":{"line":125,"column":17},"end":{"line":125,"column":37}},"41":{"start":{"line":126,"column":4},"end":{"line":129,"column":7}},"42":{"start":{"line":132,"column":28},"end":{"line":140,"column":3}},"43":{"start":{"line":133,"column":17},"end":{"line":133,"column":37}},"44":{"start":{"line":134,"column":4},"end":{"line":139,"column":7}},"45":{"start":{"line":142,"column":20},"end":{"line":155,"column":3}},"46":{"start":{"line":146,"column":18},"end":{"line":146,"column":42}},"47":{"start":{"line":152,"column":22},"end":{"line":152,"column":32}},"48":{"start":{"line":157,"column":2},"end":{"line":282,"column":4}},"49":{"start":{"line":182,"column":18},"end":{"line":182,"column":47}},"50":{"start":{"line":183,"column":18},"end":{"line":183,"column":42}},"51":{"start":{"line":197,"column":31},"end":{"line":197,"column":53}},"52":{"start":{"line":254,"column":44},"end":{"line":254,"column":77}},"53":{"start":{"line":264,"column":20},"end":{"line":271,"column":27}},"54":{"start":{"line":285,"column":15},"end":{"line":342,"column":2}}},"fnMap":{"0":{"name":"EditProductScreen","decl":{"start":{"line":43,"column":24},"end":{"line":43,"column":41}},"loc":{"start":{"line":43,"column":44},"end":{"line":283,"column":1}},"line":43},"1":{"name":"(anonymous_1)","decl":{"start":{"line":54,"column":12},"end":{"line":54,"column":13}},"loc":{"start":{"line":54,"column":18},"end":{"line":60,"column":3}},"line":54},"2":{"name":"(anonymous_2)","decl":{"start":{"line":63,"column":22},"end":{"line":63,"column":23}},"loc":{"start":{"line":63,"column":34},"end":{"line":72,"column":3}},"line":63},"3":{"name":"(anonymous_3)","decl":{"start":{"line":74,"column":23},"end":{"line":74,"column":24}},"loc":{"start":{"line":74,"column":35},"end":{"line":83,"column":3}},"line":74},"4":{"name":"(anonymous_4)","decl":{"start":{"line":85,"column":27},"end":{"line":85,"column":28}},"loc":{"start":{"line":85,"column":39},"end":{"line":95,"column":3}},"line":85},"5":{"name":"(anonymous_5)","decl":{"start":{"line":97,"column":23},"end":{"line":97,"column":24}},"loc":{"start":{"line":97,"column":35},"end":{"line":122,"column":3}},"line":97},"6":{"name":"(anonymous_6)","decl":{"start":{"line":109,"column":21},"end":{"line":109,"column":22}},"loc":{"start":{"line":109,"column":33},"end":{"line":116,"column":13}},"line":109},"7":{"name":"(anonymous_7)","decl":{"start":{"line":124,"column":27},"end":{"line":124,"column":28}},"loc":{"start":{"line":124,"column":51},"end":{"line":130,"column":3}},"line":124},"8":{"name":"(anonymous_8)","decl":{"start":{"line":132,"column":28},"end":{"line":132,"column":29}},"loc":{"start":{"line":132,"column":52},"end":{"line":140,"column":3}},"line":132},"9":{"name":"(anonymous_9)","decl":{"start":{"line":146,"column":11},"end":{"line":146,"column":12}},"loc":{"start":{"line":146,"column":18},"end":{"line":146,"column":42}},"line":146},"10":{"name":"(anonymous_10)","decl":{"start":{"line":152,"column":15},"end":{"line":152,"column":16}},"loc":{"start":{"line":152,"column":22},"end":{"line":152,"column":32}},"line":152},"11":{"name":"(anonymous_11)","decl":{"start":{"line":181,"column":25},"end":{"line":181,"column":26}},"loc":{"start":{"line":181,"column":31},"end":{"line":184,"column":17}},"line":181},"12":{"name":"(anonymous_12)","decl":{"start":{"line":197,"column":25},"end":{"line":197,"column":26}},"loc":{"start":{"line":197,"column":31},"end":{"line":197,"column":53}},"line":197},"13":{"name":"(anonymous_13)","decl":{"start":{"line":254,"column":27},"end":{"line":254,"column":28}},"loc":{"start":{"line":254,"column":44},"end":{"line":254,"column":77}},"line":254},"14":{"name":"(anonymous_14)","decl":{"start":{"line":263,"column":31},"end":{"line":263,"column":32}},"loc":{"start":{"line":264,"column":20},"end":{"line":271,"column":27}},"line":264}},"branchMap":{"0":{"loc":{"start":{"line":46,"column":43},"end":{"line":46,"column":78}},"type":"binary-expr","locations":[{"start":{"line":46,"column":43},"end":{"line":46,"column":72}},{"start":{"line":46,"column":76},"end":{"line":46,"column":78}}],"line":46},"1":{"loc":{"start":{"line":50,"column":35},"end":{"line":50,"column":54}},"type":"binary-expr","locations":[{"start":{"line":50,"column":35},"end":{"line":50,"column":48}},{"start":{"line":50,"column":52},"end":{"line":50,"column":54}}],"line":50},"2":{"loc":{"start":{"line":55,"column":4},"end":{"line":59,"column":5}},"type":"if","locations":[{"start":{"line":55,"column":4},"end":{"line":59,"column":5}},{"start":{},"end":{}}],"line":55},"3":{"loc":{"start":{"line":64,"column":4},"end":{"line":71,"column":5}},"type":"if","locations":[{"start":{"line":64,"column":4},"end":{"line":71,"column":5}},{"start":{},"end":{}}],"line":64},"4":{"loc":{"start":{"line":67,"column":19},"end":{"line":67,"column":29}},"type":"binary-expr","locations":[{"start":{"line":67,"column":19},"end":{"line":67,"column":23}},{"start":{"line":67,"column":27},"end":{"line":67,"column":29}}],"line":67},"5":{"loc":{"start":{"line":75,"column":4},"end":{"line":82,"column":5}},"type":"if","locations":[{"start":{"line":75,"column":4},"end":{"line":82,"column":5}},{"start":{},"end":{}}],"line":75},"6":{"loc":{"start":{"line":86,"column":4},"end":{"line":94,"column":5}},"type":"if","locations":[{"start":{"line":86,"column":4},"end":{"line":94,"column":5}},{"start":{},"end":{}}],"line":86},"7":{"loc":{"start":{"line":98,"column":4},"end":{"line":121,"column":5}},"type":"if","locations":[{"start":{"line":98,"column":4},"end":{"line":121,"column":5}},{"start":{},"end":{}}],"line":98},"8":{"loc":{"start":{"line":161,"column":11},"end":{"line":202,"column":11}},"type":"cond-expr","locations":[{"start":{"line":162,"column":12},"end":{"line":188,"column":19}},{"start":{"line":190,"column":12},"end":{"line":201,"column":19}}],"line":161},"9":{"loc":{"start":{"line":182,"column":26},"end":{"line":182,"column":45}},"type":"binary-expr","locations":[{"start":{"line":182,"column":26},"end":{"line":182,"column":39}},{"start":{"line":182,"column":43},"end":{"line":182,"column":45}}],"line":182},"10":{"loc":{"start":{"line":243,"column":13},"end":{"line":277,"column":13}},"type":"cond-expr","locations":[{"start":{"line":244,"column":14},"end":{"line":274,"column":21}},{"start":{"line":276,"column":14},"end":{"line":276,"column":54}}],"line":243},"11":{"loc":{"start":{"line":254,"column":28},"end":{"line":254,"column":39}},"type":"default-arg","locations":[{"start":{"line":254,"column":38},"end":{"line":254,"column":39}}],"line":254}},"s":{"0":0,"1":0,"2":0,"3":0,"4":0,"5":0,"6":0,"7":0,"8":0,"9":0,"10":0,"11":0,"12":0,"13":0,"14":0,"15":0,"16":0,"17":0,"18":0,"19":0,"20":0,"21":0,"22":0,"23":0,"24":0,"25":0,"26":0,"27":0,"28":0,"29":0,"30":0,"31":0,"32":0,"33":0,"34":0,"35":0,"36":0,"37":0,"38":0,"39":0,"40":0,"41":0,"42":0,"43":0,"44":0,"45":0,"46":0,"47":0,"48":0,"49":0,"50":0,"51":0,"52":0,"53":0,"54":0},"f":{"0":0,"1":0,"2":0,"3":0,"4":0,"5":0,"6":0,"7":0,"8":0,"9":0,"10":0,"11":0,"12":0,"13":0,"14":0},"b":{"0":[0,0],"1":[0,0],"2":[0,0],"3":[0,0],"4":[0,0],"5":[0,0],"6":[0,0],"7":[0,0],"8":[0,0],"9":[0,0],"10":[0,0],"11":[0]}}
,"C:\\Users\\Mah\\Documents\\Trabalho\\Listai\\src\\screens\\HomeScreen.tsx": {"path":"C:\\Users\\Mah\\Documents\\Trabalho\\Listai\\src\\screens\\HomeScreen.tsx","statementMap":{"0":{"start":{"line":93,"column":28},"end":{"line":93,"column":31}},"1":{"start":{"line":94,"column":34},"end":{"line":94,"column":37}},"2":{"start":{"line":96,"column":27},"end":{"line":96,"column":57}},"3":{"start":{"line":98,"column":17},"end":{"line":108,"column":1}},"4":{"start":{"line":100,"column":2},"end":{"line":107,"column":4}},"5":{"start":{"line":101,"column":4},"end":{"line":103,"column":5}},"6":{"start":{"line":102,"column":6},"end":{"line":102,"column":30}},"7":{"start":{"line":104,"column":4},"end":{"line":106,"column":14}},"8":{"start":{"line":105,"column":6},"end":{"line":105,"column":20}},"9":{"start":{"line":111,"column":34},"end":{"line":111,"column":57}},"10":{"start":{"line":112,"column":40},"end":{"line":112,"column":55}},"11":{"start":{"line":113,"column":42},"end":{"line":113,"column":71}},"12":{"start":{"line":114,"column":56},"end":{"line":114,"column":71}},"13":{"start":{"line":115,"column":21},"end":{"line":115,"column":62}},"14":{"start":{"line":116,"column":16},"end":{"line":116,"column":26}},"15":{"start":{"line":117,"column":16},"end":{"line":117,"column":26}},"16":{"start":{"line":118,"column":36},"end":{"line":118,"column":50}},"17":{"start":{"line":119,"column":36},"end":{"line":121,"column":13}},"18":{"start":{"line":122,"column":40},"end":{"line":122,"column":55}},"19":{"start":{"line":123,"column":58},"end":{"line":123,"column":73}},"20":{"start":{"line":124,"column":38},"end":{"line":124,"column":50}},"21":{"start":{"line":125,"column":40},"end":{"line":125,"column":52}},"22":{"start":{"line":127,"column":4},"end":{"line":127,"column":19}},"23":{"start":{"line":128,"column":52},"end":{"line":134,"column":17}},"24":{"start":{"line":136,"column":19},"end":{"line":136,"column":45}},"25":{"start":{"line":136,"column":25},"end":{"line":136,"column":45}},"26":{"start":{"line":137,"column":20},"end":{"line":137,"column":47}},"27":{"start":{"line":137,"column":26},"end":{"line":137,"column":47}},"28":{"start":{"line":139,"column":23},"end":{"line":175,"column":3}},"29":{"start":{"line":140,"column":25},"end":{"line":140,"column":44}},"30":{"start":{"line":143,"column":4},"end":{"line":157,"column":5}},"31":{"start":{"line":144,"column":29},"end":{"line":144,"column":56}},"32":{"start":{"line":145,"column":6},"end":{"line":155,"column":9}},"33":{"start":{"line":146,"column":28},"end":{"line":149,"column":9}},"34":{"start":{"line":150,"column":28},"end":{"line":153,"column":9}},"35":{"start":{"line":154,"column":8},"end":{"line":154,"column":41}},"36":{"start":{"line":156,"column":6},"end":{"line":156,"column":28}},"37":{"start":{"line":160,"column":4},"end":{"line":173,"column":5}},"38":{"start":{"line":162,"column":8},"end":{"line":162,"column":68}},"39":{"start":{"line":162,"column":38},"end":{"line":162,"column":66}},"40":{"start":{"line":163,"column":8},"end":{"line":163,"column":14}},"41":{"start":{"line":165,"column":8},"end":{"line":165,"column":63}},"42":{"start":{"line":165,"column":38},"end":{"line":165,"column":61}},"43":{"start":{"line":166,"column":8},"end":{"line":166,"column":14}},"44":{"start":{"line":168,"column":8},"end":{"line":168,"column":63}},"45":{"start":{"line":168,"column":38},"end":{"line":168,"column":61}},"46":{"start":{"line":169,"column":8},"end":{"line":169,"column":14}},"47":{"start":{"line":171,"column":8},"end":{"line":171,"column":57}},"48":{"start":{"line":171,"column":38},"end":{"line":171,"column":55}},"49":{"start":{"line":172,"column":8},"end":{"line":172,"column":14}},"50":{"start":{"line":174,"column":4},"end":{"line":174,"column":26}},"51":{"start":{"line":177,"column":23},"end":{"line":186,"column":3}},"52":{"start":{"line":178,"column":4},"end":{"line":185,"column":5}},"53":{"start":{"line":179,"column":29},"end":{"line":179,"column":48}},"54":{"start":{"line":180,"column":6},"end":{"line":182,"column":7}},"55":{"start":{"line":181,"column":8},"end":{"line":181,"column":36}},"56":{"start":{"line":184,"column":6},"end":{"line":184,"column":57}},"57":{"start":{"line":188,"column":29},"end":{"line":194,"column":3}},"58":{"start":{"line":189,"column":4},"end":{"line":189,"column":49}},"59":{"start":{"line":189,"column":37},"end":{"line":189,"column":49}},"60":{"start":{"line":190,"column":26},"end":{"line":192,"column":5}},"61":{"start":{"line":191,"column":16},"end":{"line":191,"column":71}},"62":{"start":{"line":193,"column":4},"end":{"line":193,"column":43}},"63":{"start":{"line":196,"column":34},"end":{"line":198,"column":3}},"64":{"start":{"line":197,"column":4},"end":{"line":197,"column":34}},"65":{"start":{"line":200,"column":34},"end":{"line":204,"column":3}},"66":{"start":{"line":201,"column":4},"end":{"line":201,"column":32}},"67":{"start":{"line":202,"column":4},"end":{"line":202,"column":35}},"68":{"start":{"line":203,"column":4},"end":{"line":203,"column":22}},"69":{"start":{"line":206,"column":34},"end":{"line":209,"column":3}},"70":{"start":{"line":207,"column":4},"end":{"line":207,"column":35}},"71":{"start":{"line":208,"column":4},"end":{"line":208,"column":22}},"72":{"start":{"line":211,"column":2},"end":{"line":224,"column":18}},"73":{"start":{"line":212,"column":32},"end":{"line":222,"column":5}},"74":{"start":{"line":213,"column":6},"end":{"line":221,"column":7}},"75":{"start":{"line":214,"column":31},"end":{"line":214,"column":50}},"76":{"start":{"line":215,"column":8},"end":{"line":218,"column":9}},"77":{"start":{"line":216,"column":33},"end":{"line":216,"column":61}},"78":{"start":{"line":217,"column":10},"end":{"line":217,"column":43}},"79":{"start":{"line":220,"column":8},"end":{"line":220,"column":59}},"80":{"start":{"line":223,"column":4},"end":{"line":223,"column":26}},"81":{"start":{"line":226,"column":2},"end":{"line":230,"column":9}},"82":{"start":{"line":227,"column":4},"end":{"line":229,"column":6}},"83":{"start":{"line":228,"column":6},"end":{"line":228,"column":26}},"84":{"start":{"line":232,"column":2},"end":{"line":241,"column":33}},"85":{"start":{"line":233,"column":24},"end":{"line":239,"column":6}},"86":{"start":{"line":234,"column":21},"end":{"line":234,"column":64}},"87":{"start":{"line":235,"column":6},"end":{"line":238,"column":7}},"88":{"start":{"line":236,"column":8},"end":{"line":236,"column":23}},"89":{"start":{"line":237,"column":8},"end":{"line":237,"column":55}},"90":{"start":{"line":240,"column":4},"end":{"line":240,"column":23}},"91":{"start":{"line":243,"column":2},"end":{"line":272,"column":55}},"92":{"start":{"line":244,"column":42},"end":{"line":244,"column":46}},"93":{"start":{"line":245,"column":4},"end":{"line":271,"column":5}},"94":{"start":{"line":246,"column":29},"end":{"line":266,"column":13}},"95":{"start":{"line":247,"column":8},"end":{"line":265,"column":16}},"96":{"start":{"line":248,"column":10},"end":{"line":264,"column":12}},"97":{"start":{"line":249,"column":12},"end":{"line":263,"column":14}},"98":{"start":{"line":250,"column":14},"end":{"line":261,"column":15}},"99":{"start":{"line":251,"column":36},"end":{"line":253,"column":53}},"100":{"start":{"line":256,"column":16},"end":{"line":258,"column":22}},"101":{"start":{"line":257,"column":18},"end":{"line":257,"column":80}},"102":{"start":{"line":260,"column":16},"end":{"line":260,"column":61}},"103":{"start":{"line":262,"column":14},"end":{"line":262,"column":29}},"104":{"start":{"line":267,"column":6},"end":{"line":270,"column":8}},"105":{"start":{"line":268,"column":8},"end":{"line":268,"column":37}},"106":{"start":{"line":269,"column":8},"end":{"line":269,"column":46}},"107":{"start":{"line":269,"column":22},"end":{"line":269,"column":46}},"108":{"start":{"line":274,"column":23},"end":{"line":294,"column":3}},"109":{"start":{"line":275,"column":4},"end":{"line":293,"column":6}},"110":{"start":{"line":284,"column":12},"end":{"line":289,"column":13}},"111":{"start":{"line":285,"column":14},"end":{"line":285,"column":38}},"112":{"start":{"line":286,"column":14},"end":{"line":286,"column":29}},"113":{"start":{"line":288,"column":14},"end":{"line":288,"column":63}},"114":{"start":{"line":296,"column":30},"end":{"line":316,"column":3}},"115":{"start":{"line":298,"column":4},"end":{"line":315,"column":6}},"116":{"start":{"line":299,"column":6},"end":{"line":314,"column":8}},"117":{"start":{"line":300,"column":8},"end":{"line":312,"column":9}},"118":{"start":{"line":301,"column":30},"end":{"line":301,"column":68}},"119":{"start":{"line":302,"column":10},"end":{"line":311,"column":11}},"120":{"start":{"line":304,"column":12},"end":{"line":308,"column":20}},"121":{"start":{"line":305,"column":14},"end":{"line":307,"column":16}},"122":{"start":{"line":306,"column":16},"end":{"line":306,"column":69}},"123":{"start":{"line":310,"column":12},"end":{"line":310,"column":57}},"124":{"start":{"line":313,"column":8},"end":{"line":313,"column":23}},"125":{"start":{"line":318,"column":31},"end":{"line":340,"column":3}},"126":{"start":{"line":323,"column":24},"end":{"line":325,"column":40}},"127":{"start":{"line":328,"column":4},"end":{"line":332,"column":6}},"128":{"start":{"line":329,"column":6},"end":{"line":331,"column":7}},"129":{"start":{"line":330,"column":8},"end":{"line":330,"column":75}},"130":{"start":{"line":335,"column":4},"end":{"line":339,"column":12}},"131":{"start":{"line":336,"column":6},"end":{"line":338,"column":8}},"132":{"start":{"line":337,"column":8},"end":{"line":337,"column":61}},"133":{"start":{"line":342,"column":36},"end":{"line":351,"column":3}},"134":{"start":{"line":347,"column":4},"end":{"line":347,"column":57}},"135":{"start":{"line":348,"column":4},"end":{"line":348,"column":24}},"136":{"start":{"line":349,"column":4},"end":{"line":349,"column":38}},"137":{"start":{"line":350,"column":4},"end":{"line":350,"column":25}},"138":{"start":{"line":353,"column":35},"end":{"line":356,"column":3}},"139":{"start":{"line":354,"column":4},"end":{"line":354,"column":26}},"140":{"start":{"line":355,"column":4},"end":{"line":355,"column":26}},"141":{"start":{"line":358,"column":35},"end":{"line":376,"column":3}},"142":{"start":{"line":359,"column":4},"end":{"line":375,"column":5}},"143":{"start":{"line":360,"column":6},"end":{"line":360,"column":33}},"144":{"start":{"line":361,"column":20},"end":{"line":361,"column":30}},"145":{"start":{"line":362,"column":22},"end":{"line":365,"column":8}},"146":{"start":{"line":366,"column":17},"end":{"line":366,"column":44}},"147":{"start":{"line":367,"column":6},"end":{"line":367,"column":58}},"148":{"start":{"line":368,"column":6},"end":{"line":371,"column":9}},"149":{"start":{"line":369,"column":22},"end":{"line":369,"column":54}},"150":{"start":{"line":370,"column":8},"end":{"line":370,"column":68}},"151":{"start":{"line":372,"column":6},"end":{"line":372,"column":38}},"152":{"start":{"line":374,"column":6},"end":{"line":374,"column":71}},"153":{"start":{"line":378,"column":24},"end":{"line":390,"column":3}},"154":{"start":{"line":379,"column":4},"end":{"line":389,"column":5}},"155":{"start":{"line":380,"column":6},"end":{"line":380,"column":24}},"156":{"start":{"line":381,"column":22},"end":{"line":384,"column":9}},"157":{"start":{"line":381,"column":52},"end":{"line":384,"column":7}},"158":{"start":{"line":385,"column":6},"end":{"line":385,"column":40}},"159":{"start":{"line":387,"column":6},"end":{"line":387,"column":58}},"160":{"start":{"line":388,"column":6},"end":{"line":388,"column":21}},"161":{"start":{"line":392,"column":26},"end":{"line":447,"column":3}},"162":{"start":{"line":393,"column":24},"end":{"line":393,"column":66}},"163":{"start":{"line":394,"column":24},"end":{"line":399,"column":5}},"164":{"start":{"line":400,"column":24},"end":{"line":400,"column":34}},"165":{"start":{"line":401,"column":24},"end":{"line":401,"column":49}},"166":{"start":{"line":402,"column":25},"end":{"line":402,"column":51}},"167":{"start":{"line":404,"column":4},"end":{"line":445,"column":5}},"168":{"start":{"line":405,"column":6},"end":{"line":444,"column":7}},"169":{"start":{"line":405,"column":19},"end":{"line":405,"column":20}},"170":{"start":{"line":406,"column":22},"end":{"line":406,"column":48}},"171":{"start":{"line":407,"column":8},"end":{"line":443,"column":9}},"172":{"start":{"line":408,"column":10},"end":{"line":442,"column":11}},"173":{"start":{"line":411,"column":14},"end":{"line":413,"column":22}},"174":{"start":{"line":415,"column":27},"end":{"line":415,"column":61}},"175":{"start":{"line":416,"column":31},"end":{"line":416,"column":68}},"176":{"start":{"line":418,"column":12},"end":{"line":439,"column":13}},"177":{"start":{"line":419,"column":14},"end":{"line":435,"column":15}},"178":{"start":{"line":421,"column":28},"end":{"line":421,"column":50}},"179":{"start":{"line":422,"column":30},"end":{"line":422,"column":56}},"180":{"start":{"line":425,"column":34},"end":{"line":425,"column":45}},"181":{"start":{"line":426,"column":36},"end":{"line":426,"column":45}},"182":{"start":{"line":427,"column":16},"end":{"line":432,"column":17}},"183":{"start":{"line":431,"column":18},"end":{"line":431,"column":32}},"184":{"start":{"line":434,"column":16},"end":{"line":434,"column":67}},"185":{"start":{"line":437,"column":14},"end":{"line":437,"column":47}},"186":{"start":{"line":438,"column":14},"end":{"line":438,"column":32}},"187":{"start":{"line":441,"column":12},"end":{"line":441,"column":56}},"188":{"start":{"line":446,"column":4},"end":{"line":446,"column":16}},"189":{"start":{"line":449,"column":30},"end":{"line":483,"column":3}},"190":{"start":{"line":452,"column":4},"end":{"line":482,"column":39}},"191":{"start":{"line":453,"column":24},"end":{"line":453,"column":35}},"192":{"start":{"line":456,"column":24},"end":{"line":456,"column":42}},"193":{"start":{"line":457,"column":8},"end":{"line":457,"column":58}},"194":{"start":{"line":457,"column":46},"end":{"line":457,"column":58}},"195":{"start":{"line":458,"column":8},"end":{"line":458,"column":44}},"196":{"start":{"line":458,"column":32},"end":{"line":458,"column":44}},"197":{"start":{"line":460,"column":25},"end":{"line":460,"column":49}},"198":{"start":{"line":461,"column":8},"end":{"line":461,"column":58}},"199":{"start":{"line":461,"column":46},"end":{"line":461,"column":58}},"200":{"start":{"line":464,"column":36},"end":{"line":464,"column":64}},"201":{"start":{"line":466,"column":28},"end":{"line":473,"column":17}},"202":{"start":{"line":475,"column":8},"end":{"line":475,"column":38}},"203":{"start":{"line":475,"column":26},"end":{"line":475,"column":38}},"204":{"start":{"line":477,"column":8},"end":{"line":480,"column":10}},"205":{"start":{"line":482,"column":24},"end":{"line":482,"column":37}},"206":{"start":{"line":485,"column":26},"end":{"line":495,"column":3}},"207":{"start":{"line":487,"column":29},"end":{"line":487,"column":63}},"208":{"start":{"line":488,"column":4},"end":{"line":488,"column":41}},"209":{"start":{"line":488,"column":28},"end":{"line":488,"column":41}},"210":{"start":{"line":491,"column":4},"end":{"line":494,"column":7}},"211":{"start":{"line":492,"column":23},"end":{"line":492,"column":42}},"212":{"start":{"line":493,"column":6},"end":{"line":493,"column":51}},"213":{"start":{"line":497,"column":29},"end":{"line":560,"column":3}},"214":{"start":{"line":501,"column":4},"end":{"line":506,"column":5}},"215":{"start":{"line":502,"column":6},"end":{"line":502,"column":41}},"216":{"start":{"line":503,"column":6},"end":{"line":503,"column":33}},"217":{"start":{"line":504,"column":6},"end":{"line":504,"column":27}},"218":{"start":{"line":505,"column":6},"end":{"line":505,"column":13}},"219":{"start":{"line":508,"column":38},"end":{"line":508,"column":55}},"220":{"start":{"line":509,"column":29},"end":{"line":509,"column":48}},"221":{"start":{"line":511,"column":23},"end":{"line":513,"column":5}},"222":{"start":{"line":512,"column":13},"end":{"line":512,"column":79}},"223":{"start":{"line":515,"column":4},"end":{"line":531,"column":5}},"224":{"start":{"line":517,"column":29},"end":{"line":517,"column":78}},"225":{"start":{"line":518,"column":30},"end":{"line":518,"column":70}},"226":{"start":{"line":519,"column":6},"end":{"line":521,"column":7}},"227":{"start":{"line":520,"column":8},"end":{"line":520,"column":76}},"228":{"start":{"line":522,"column":6},"end":{"line":528,"column":7}},"229":{"start":{"line":523,"column":8},"end":{"line":527,"column":10}},"230":{"start":{"line":529,"column":6},"end":{"line":529,"column":49}},"231":{"start":{"line":530,"column":6},"end":{"line":530,"column":13}},"232":{"start":{"line":534,"column":28},"end":{"line":544,"column":7}},"233":{"start":{"line":537,"column":10},"end":{"line":538,"column":29}},"234":{"start":{"line":542,"column":10},"end":{"line":543,"column":73}},"235":{"start":{"line":546,"column":4},"end":{"line":559,"column":5}},"236":{"start":{"line":547,"column":6},"end":{"line":553,"column":9}},"237":{"start":{"line":554,"column":6},"end":{"line":554,"column":40}},"238":{"start":{"line":557,"column":6},"end":{"line":557,"column":57}},"239":{"start":{"line":558,"column":6},"end":{"line":558,"column":49}},"240":{"start":{"line":562,"column":27},"end":{"line":599,"column":3}},"241":{"start":{"line":566,"column":4},"end":{"line":598,"column":5}},"242":{"start":{"line":568,"column":31},"end":{"line":568,"column":50}},"243":{"start":{"line":569,"column":29},"end":{"line":569,"column":74}},"244":{"start":{"line":570,"column":25},"end":{"line":572,"column":7}},"245":{"start":{"line":571,"column":15},"end":{"line":571,"column":74}},"246":{"start":{"line":574,"column":6},"end":{"line":578,"column":7}},"247":{"start":{"line":576,"column":8},"end":{"line":576,"column":69}},"248":{"start":{"line":577,"column":8},"end":{"line":577,"column":29}},"249":{"start":{"line":581,"column":24},"end":{"line":584,"column":7}},"250":{"start":{"line":586,"column":6},"end":{"line":592,"column":7}},"251":{"start":{"line":587,"column":8},"end":{"line":591,"column":10}},"252":{"start":{"line":594,"column":6},"end":{"line":594,"column":23}},"253":{"start":{"line":596,"column":6},"end":{"line":596,"column":58}},"254":{"start":{"line":597,"column":6},"end":{"line":597,"column":18}},"255":{"start":{"line":601,"column":26},"end":{"line":613,"column":3}},"256":{"start":{"line":602,"column":4},"end":{"line":612,"column":5}},"257":{"start":{"line":603,"column":20},"end":{"line":603,"column":36}},"258":{"start":{"line":604,"column":25},"end":{"line":604,"column":47}},"259":{"start":{"line":605,"column":31},"end":{"line":605,"column":57}},"260":{"start":{"line":606,"column":31},"end":{"line":606,"column":50}},"261":{"start":{"line":608,"column":6},"end":{"line":608,"column":61}},"262":{"start":{"line":610,"column":6},"end":{"line":610,"column":58}},"263":{"start":{"line":611,"column":6},"end":{"line":611,"column":66}},"264":{"start":{"line":615,"column":33},"end":{"line":642,"column":3}},"265":{"start":{"line":616,"column":4},"end":{"line":641,"column":5}},"266":{"start":{"line":617,"column":6},"end":{"line":618,"column":15}},"267":{"start":{"line":618,"column":8},"end":{"line":618,"column":15}},"268":{"start":{"line":621,"column":6},"end":{"line":626,"column":7}},"269":{"start":{"line":622,"column":8},"end":{"line":625,"column":10}},"270":{"start":{"line":629,"column":6},"end":{"line":632,"column":8}},"271":{"start":{"line":634,"column":6},"end":{"line":634,"column":41}},"272":{"start":{"line":635,"column":6},"end":{"line":638,"column":8}},"273":{"start":{"line":640,"column":6},"end":{"line":640,"column":68}},"274":{"start":{"line":644,"column":37},"end":{"line":690,"column":3}},"275":{"start":{"line":645,"column":4},"end":{"line":689,"column":5}},"276":{"start":{"line":646,"column":6},"end":{"line":646,"column":37}},"277":{"start":{"line":646,"column":30},"end":{"line":646,"column":37}},"278":{"start":{"line":649,"column":31},"end":{"line":658,"column":7}},"279":{"start":{"line":651,"column":34},"end":{"line":655,"column":11}},"280":{"start":{"line":653,"column":14},"end":{"line":654,"column":33}},"281":{"start":{"line":656,"column":10},"end":{"line":656,"column":44}},"282":{"start":{"line":661,"column":6},"end":{"line":671,"column":7}},"283":{"start":{"line":662,"column":32},"end":{"line":666,"column":9}},"284":{"start":{"line":664,"column":12},"end":{"line":665,"column":31}},"285":{"start":{"line":667,"column":8},"end":{"line":670,"column":9}},"286":{"start":{"line":668,"column":28},"end":{"line":668,"column":46}},"287":{"start":{"line":669,"column":10},"end":{"line":669,"column":70}},"288":{"start":{"line":674,"column":32},"end":{"line":683,"column":7}},"289":{"start":{"line":676,"column":34},"end":{"line":680,"column":11}},"290":{"start":{"line":678,"column":14},"end":{"line":679,"column":33}},"291":{"start":{"line":681,"column":10},"end":{"line":681,"column":46}},"292":{"start":{"line":685,"column":6},"end":{"line":685,"column":41}},"293":{"start":{"line":686,"column":6},"end":{"line":686,"column":80}},"294":{"start":{"line":688,"column":6},"end":{"line":688,"column":63}},"295":{"start":{"line":692,"column":30},"end":{"line":735,"column":3}},"296":{"start":{"line":693,"column":4},"end":{"line":693,"column":46}},"297":{"start":{"line":693,"column":39},"end":{"line":693,"column":46}},"298":{"start":{"line":695,"column":4},"end":{"line":734,"column":5}},"299":{"start":{"line":697,"column":8},"end":{"line":697,"column":25}},"300":{"start":{"line":698,"column":18},"end":{"line":698,"column":28}},"301":{"start":{"line":699,"column":26},"end":{"line":699,"column":55}},"302":{"start":{"line":700,"column":29},"end":{"line":700,"column":77}},"303":{"start":{"line":701,"column":30},"end":{"line":701,"column":70}},"304":{"start":{"line":704,"column":6},"end":{"line":710,"column":7}},"305":{"start":{"line":705,"column":8},"end":{"line":709,"column":10}},"306":{"start":{"line":713,"column":6},"end":{"line":725,"column":7}},"307":{"start":{"line":717,"column":8},"end":{"line":721,"column":10}},"308":{"start":{"line":722,"column":8},"end":{"line":722,"column":43}},"309":{"start":{"line":723,"column":8},"end":{"line":723,"column":64}},"310":{"start":{"line":724,"column":8},"end":{"line":724,"column":15}},"311":{"start":{"line":728,"column":6},"end":{"line":728,"column":74}},"312":{"start":{"line":730,"column":6},"end":{"line":730,"column":41}},"313":{"start":{"line":731,"column":6},"end":{"line":731,"column":62}},"314":{"start":{"line":733,"column":6},"end":{"line":733,"column":63}},"315":{"start":{"line":737,"column":26},"end":{"line":746,"column":3}},"316":{"start":{"line":738,"column":4},"end":{"line":738,"column":35}},"317":{"start":{"line":738,"column":28},"end":{"line":738,"column":35}},"318":{"start":{"line":741,"column":6},"end":{"line":741,"column":23}},"319":{"start":{"line":742,"column":4},"end":{"line":742,"column":56}},"320":{"start":{"line":744,"column":4},"end":{"line":744,"column":39}},"321":{"start":{"line":745,"column":4},"end":{"line":745,"column":60}},"322":{"start":{"line":748,"column":27},"end":{"line":756,"column":3}},"323":{"start":{"line":749,"column":4},"end":{"line":749,"column":35}},"324":{"start":{"line":749,"column":28},"end":{"line":749,"column":35}},"325":{"start":{"line":751,"column":4},"end":{"line":751,"column":39}},"326":{"start":{"line":752,"column":4},"end":{"line":755,"column":6}},"327":{"start":{"line":758,"column":33},"end":{"line":761,"column":3}},"328":{"start":{"line":759,"column":4},"end":{"line":759,"column":39}},"329":{"start":{"line":760,"column":4},"end":{"line":760,"column":31}},"330":{"start":{"line":763,"column":28},"end":{"line":937,"column":3}},"331":{"start":{"line":764,"column":4},"end":{"line":764,"column":40}},"332":{"start":{"line":764,"column":28},"end":{"line":764,"column":40}},"333":{"start":{"line":767,"column":6},"end":{"line":767,"column":23}},"334":{"start":{"line":768,"column":54},"end":{"line":768,"column":69}},"335":{"start":{"line":770,"column":4},"end":{"line":790,"column":35}},"336":{"start":{"line":771,"column":27},"end":{"line":787,"column":7}},"337":{"start":{"line":772,"column":24},"end":{"line":772,"column":72}},"338":{"start":{"line":773,"column":8},"end":{"line":776,"column":9}},"339":{"start":{"line":774,"column":10},"end":{"line":774,"column":37}},"340":{"start":{"line":775,"column":10},"end":{"line":775,"column":17}},"341":{"start":{"line":778,"column":30},"end":{"line":780,"column":9}},"342":{"start":{"line":779,"column":20},"end":{"line":779,"column":75}},"343":{"start":{"line":782,"column":32},"end":{"line":782,"column":63}},"344":{"start":{"line":783,"column":28},"end":{"line":783,"column":52}},"345":{"start":{"line":786,"column":8},"end":{"line":786,"column":61}},"346":{"start":{"line":789,"column":6},"end":{"line":789,"column":21}},"347":{"start":{"line":792,"column":23},"end":{"line":800,"column":5}},"348":{"start":{"line":793,"column":6},"end":{"line":799,"column":9}},"349":{"start":{"line":802,"column":4},"end":{"line":936,"column":6}},"350":{"start":{"line":807,"column":30},"end":{"line":807,"column":64}},"351":{"start":{"line":852,"column":24},"end":{"line":881,"column":36}},"352":{"start":{"line":856,"column":59},"end":{"line":861,"column":29}},"353":{"start":{"line":859,"column":39},"end":{"line":859,"column":58}},"354":{"start":{"line":863,"column":28},"end":{"line":867,"column":31}},"355":{"start":{"line":939,"column":21},"end":{"line":1031,"column":3}},"356":{"start":{"line":948,"column":4},"end":{"line":1030,"column":6}},"357":{"start":{"line":953,"column":14},"end":{"line":953,"column":67}},"358":{"start":{"line":970,"column":22},"end":{"line":970,"column":75}},"359":{"start":{"line":977,"column":35},"end":{"line":977,"column":56}},"360":{"start":{"line":992,"column":24},"end":{"line":992,"column":59}},"361":{"start":{"line":1004,"column":24},"end":{"line":1004,"column":75}},"362":{"start":{"line":1007,"column":24},"end":{"line":1007,"column":80}},"363":{"start":{"line":1015,"column":24},"end":{"line":1015,"column":74}},"364":{"start":{"line":1018,"column":24},"end":{"line":1018,"column":79}},"365":{"start":{"line":1033,"column":27},"end":{"line":1059,"column":4}},"366":{"start":{"line":1034,"column":33},"end":{"line":1034,"column":61}},"367":{"start":{"line":1035,"column":33},"end":{"line":1035,"column":60}},"368":{"start":{"line":1038,"column":4},"end":{"line":1040,"column":5}},"369":{"start":{"line":1039,"column":6},"end":{"line":1039,"column":18}},"370":{"start":{"line":1043,"column":23},"end":{"line":1043,"column":50}},"371":{"start":{"line":1044,"column":24},"end":{"line":1044,"column":51}},"372":{"start":{"line":1045,"column":28},"end":{"line":1045,"column":55}},"373":{"start":{"line":1048,"column":4},"end":{"line":1050,"column":5}},"374":{"start":{"line":1049,"column":6},"end":{"line":1049,"column":65}},"375":{"start":{"line":1053,"column":23},"end":{"line":1056,"column":5}},"376":{"start":{"line":1058,"column":4},"end":{"line":1058,"column":51}},"377":{"start":{"line":1061,"column":17},"end":{"line":1061,"column":46}},"378":{"start":{"line":1063,"column":2},"end":{"line":1211,"column":4}},"379":{"start":{"line":1078,"column":33},"end":{"line":1078,"column":51}},"380":{"start":{"line":1122,"column":16},"end":{"line":1122,"column":39}},"381":{"start":{"line":1123,"column":16},"end":{"line":1123,"column":28}},"382":{"start":{"line":1130,"column":16},"end":{"line":1130,"column":45}},"383":{"start":{"line":1131,"column":16},"end":{"line":1131,"column":28}},"384":{"start":{"line":1138,"column":16},"end":{"line":1138,"column":45}},"385":{"start":{"line":1139,"column":16},"end":{"line":1139,"column":28}},"386":{"start":{"line":1146,"column":16},"end":{"line":1146,"column":44}},"387":{"start":{"line":1147,"column":16},"end":{"line":1147,"column":28}},"388":{"start":{"line":1157,"column":32},"end":{"line":1157,"column":50}},"389":{"start":{"line":1166,"column":23},"end":{"line":1166,"column":56}},"390":{"start":{"line":1172,"column":32},"end":{"line":1172,"column":62}}},"fnMap":{"0":{"name":"(anonymous_0)","decl":{"start":{"line":98,"column":17},"end":{"line":98,"column":18}},"loc":{"start":{"line":98,"column":34},"end":{"line":108,"column":1}},"line":98},"1":{"name":"(anonymous_1)","decl":{"start":{"line":100,"column":9},"end":{"line":100,"column":10}},"loc":{"start":{"line":100,"column":22},"end":{"line":107,"column":3}},"line":100},"2":{"name":"(anonymous_2)","decl":{"start":{"line":104,"column":27},"end":{"line":104,"column":28}},"loc":{"start":{"line":104,"column":33},"end":{"line":106,"column":5}},"line":104},"3":{"name":"HomeScreen","decl":{"start":{"line":110,"column":24},"end":{"line":110,"column":34}},"loc":{"start":{"line":110,"column":37},"end":{"line":1212,"column":1}},"line":110},"4":{"name":"(anonymous_4)","decl":{"start":{"line":136,"column":19},"end":{"line":136,"column":20}},"loc":{"start":{"line":136,"column":25},"end":{"line":136,"column":45}},"line":136},"5":{"name":"(anonymous_5)","decl":{"start":{"line":137,"column":20},"end":{"line":137,"column":21}},"loc":{"start":{"line":137,"column":26},"end":{"line":137,"column":47}},"line":137},"6":{"name":"(anonymous_6)","decl":{"start":{"line":139,"column":23},"end":{"line":139,"column":24}},"loc":{"start":{"line":139,"column":54},"end":{"line":175,"column":3}},"line":139},"7":{"name":"(anonymous_7)","decl":{"start":{"line":145,"column":26},"end":{"line":145,"column":27}},"loc":{"start":{"line":145,"column":36},"end":{"line":155,"column":7}},"line":145},"8":{"name":"(anonymous_8)","decl":{"start":{"line":162,"column":28},"end":{"line":162,"column":29}},"loc":{"start":{"line":162,"column":38},"end":{"line":162,"column":66}},"line":162},"9":{"name":"(anonymous_9)","decl":{"start":{"line":165,"column":28},"end":{"line":165,"column":29}},"loc":{"start":{"line":165,"column":38},"end":{"line":165,"column":61}},"line":165},"10":{"name":"(anonymous_10)","decl":{"start":{"line":168,"column":28},"end":{"line":168,"column":29}},"loc":{"start":{"line":168,"column":38},"end":{"line":168,"column":61}},"line":168},"11":{"name":"(anonymous_11)","decl":{"start":{"line":171,"column":28},"end":{"line":171,"column":29}},"loc":{"start":{"line":171,"column":38},"end":{"line":171,"column":55}},"line":171},"12":{"name":"(anonymous_12)","decl":{"start":{"line":177,"column":23},"end":{"line":177,"column":24}},"loc":{"start":{"line":177,"column":35},"end":{"line":186,"column":3}},"line":177},"13":{"name":"(anonymous_13)","decl":{"start":{"line":188,"column":29},"end":{"line":188,"column":30}},"loc":{"start":{"line":188,"column":74},"end":{"line":194,"column":3}},"line":188},"14":{"name":"(anonymous_14)","decl":{"start":{"line":191,"column":6},"end":{"line":191,"column":7}},"loc":{"start":{"line":191,"column":16},"end":{"line":191,"column":71}},"line":191},"15":{"name":"(anonymous_15)","decl":{"start":{"line":196,"column":34},"end":{"line":196,"column":35}},"loc":{"start":{"line":196,"column":40},"end":{"line":198,"column":3}},"line":196},"16":{"name":"(anonymous_16)","decl":{"start":{"line":200,"column":34},"end":{"line":200,"column":35}},"loc":{"start":{"line":200,"column":40},"end":{"line":204,"column":3}},"line":200},"17":{"name":"(anonymous_17)","decl":{"start":{"line":206,"column":34},"end":{"line":206,"column":35}},"loc":{"start":{"line":206,"column":40},"end":{"line":209,"column":3}},"line":206},"18":{"name":"(anonymous_18)","decl":{"start":{"line":211,"column":12},"end":{"line":211,"column":13}},"loc":{"start":{"line":211,"column":18},"end":{"line":224,"column":3}},"line":211},"19":{"name":"(anonymous_19)","decl":{"start":{"line":212,"column":32},"end":{"line":212,"column":33}},"loc":{"start":{"line":212,"column":44},"end":{"line":222,"column":5}},"line":212},"20":{"name":"(anonymous_20)","decl":{"start":{"line":226,"column":12},"end":{"line":226,"column":13}},"loc":{"start":{"line":226,"column":18},"end":{"line":230,"column":3}},"line":226},"21":{"name":"(anonymous_21)","decl":{"start":{"line":227,"column":11},"end":{"line":227,"column":12}},"loc":{"start":{"line":227,"column":17},"end":{"line":229,"column":5}},"line":227},"22":{"name":"(anonymous_22)","decl":{"start":{"line":232,"column":12},"end":{"line":232,"column":13}},"loc":{"start":{"line":232,"column":18},"end":{"line":241,"column":3}},"line":232},"23":{"name":"(anonymous_23)","decl":{"start":{"line":233,"column":56},"end":{"line":233,"column":57}},"loc":{"start":{"line":233,"column":62},"end":{"line":239,"column":5}},"line":233},"24":{"name":"(anonymous_24)","decl":{"start":{"line":243,"column":12},"end":{"line":243,"column":13}},"loc":{"start":{"line":243,"column":18},"end":{"line":272,"column":3}},"line":243},"25":{"name":"(anonymous_25)","decl":{"start":{"line":246,"column":40},"end":{"line":246,"column":41}},"loc":{"start":{"line":246,"column":46},"end":{"line":266,"column":7}},"line":246},"26":{"name":"(anonymous_26)","decl":{"start":{"line":247,"column":31},"end":{"line":247,"column":32}},"loc":{"start":{"line":247,"column":37},"end":{"line":265,"column":9}},"line":247},"27":{"name":"(anonymous_27)","decl":{"start":{"line":248,"column":22},"end":{"line":248,"column":23}},"loc":{"start":{"line":249,"column":12},"end":{"line":263,"column":14}},"line":249},"28":{"name":"(anonymous_28)","decl":{"start":{"line":249,"column":29},"end":{"line":249,"column":30}},"loc":{"start":{"line":249,"column":42},"end":{"line":263,"column":13}},"line":249},"29":{"name":"(anonymous_29)","decl":{"start":{"line":256,"column":27},"end":{"line":256,"column":28}},"loc":{"start":{"line":256,"column":33},"end":{"line":258,"column":17}},"line":256},"30":{"name":"(anonymous_30)","decl":{"start":{"line":267,"column":13},"end":{"line":267,"column":14}},"loc":{"start":{"line":267,"column":19},"end":{"line":270,"column":7}},"line":267},"31":{"name":"(anonymous_31)","decl":{"start":{"line":274,"column":23},"end":{"line":274,"column":24}},"loc":{"start":{"line":274,"column":45},"end":{"line":294,"column":3}},"line":274},"32":{"name":"(anonymous_32)","decl":{"start":{"line":283,"column":19},"end":{"line":283,"column":20}},"loc":{"start":{"line":283,"column":31},"end":{"line":290,"column":11}},"line":283},"33":{"name":"(anonymous_33)","decl":{"start":{"line":296,"column":30},"end":{"line":296,"column":31}},"loc":{"start":{"line":296,"column":61},"end":{"line":316,"column":3}},"line":296},"34":{"name":"(anonymous_34)","decl":{"start":{"line":298,"column":16},"end":{"line":298,"column":17}},"loc":{"start":{"line":299,"column":6},"end":{"line":314,"column":8}},"line":299},"35":{"name":"(anonymous_35)","decl":{"start":{"line":299,"column":23},"end":{"line":299,"column":24}},"loc":{"start":{"line":299,"column":36},"end":{"line":314,"column":7}},"line":299},"36":{"name":"(anonymous_36)","decl":{"start":{"line":304,"column":23},"end":{"line":304,"column":24}},"loc":{"start":{"line":304,"column":29},"end":{"line":308,"column":13}},"line":304},"37":{"name":"(anonymous_37)","decl":{"start":{"line":305,"column":51},"end":{"line":305,"column":52}},"loc":{"start":{"line":306,"column":16},"end":{"line":306,"column":69}},"line":306},"38":{"name":"(anonymous_38)","decl":{"start":{"line":318,"column":31},"end":{"line":318,"column":32}},"loc":{"start":{"line":322,"column":7},"end":{"line":340,"column":3}},"line":322},"39":{"name":"(anonymous_39)","decl":{"start":{"line":328,"column":16},"end":{"line":328,"column":17}},"loc":{"start":{"line":329,"column":6},"end":{"line":331,"column":7}},"line":329},"40":{"name":"(anonymous_40)","decl":{"start":{"line":329,"column":23},"end":{"line":329,"column":24}},"loc":{"start":{"line":330,"column":8},"end":{"line":330,"column":75}},"line":330},"41":{"name":"(anonymous_41)","decl":{"start":{"line":335,"column":15},"end":{"line":335,"column":16}},"loc":{"start":{"line":335,"column":21},"end":{"line":339,"column":5}},"line":335},"42":{"name":"(anonymous_42)","decl":{"start":{"line":336,"column":43},"end":{"line":336,"column":44}},"loc":{"start":{"line":337,"column":8},"end":{"line":337,"column":61}},"line":337},"43":{"name":"(anonymous_43)","decl":{"start":{"line":342,"column":36},"end":{"line":342,"column":37}},"loc":{"start":{"line":346,"column":7},"end":{"line":351,"column":3}},"line":346},"44":{"name":"(anonymous_44)","decl":{"start":{"line":353,"column":35},"end":{"line":353,"column":36}},"loc":{"start":{"line":353,"column":41},"end":{"line":356,"column":3}},"line":353},"45":{"name":"(anonymous_45)","decl":{"start":{"line":358,"column":35},"end":{"line":358,"column":36}},"loc":{"start":{"line":358,"column":47},"end":{"line":376,"column":3}},"line":358},"46":{"name":"(anonymous_46)","decl":{"start":{"line":368,"column":23},"end":{"line":368,"column":24}},"loc":{"start":{"line":368,"column":36},"end":{"line":371,"column":7}},"line":368},"47":{"name":"(anonymous_47)","decl":{"start":{"line":378,"column":24},"end":{"line":378,"column":25}},"loc":{"start":{"line":378,"column":65},"end":{"line":390,"column":3}},"line":378},"48":{"name":"(anonymous_48)","decl":{"start":{"line":381,"column":31},"end":{"line":381,"column":32}},"loc":{"start":{"line":381,"column":52},"end":{"line":384,"column":7}},"line":381},"49":{"name":"(anonymous_49)","decl":{"start":{"line":392,"column":26},"end":{"line":392,"column":27}},"loc":{"start":{"line":392,"column":60},"end":{"line":447,"column":3}},"line":392},"50":{"name":"(anonymous_50)","decl":{"start":{"line":449,"column":30},"end":{"line":449,"column":31}},"loc":{"start":{"line":451,"column":53},"end":{"line":483,"column":3}},"line":451},"51":{"name":"(anonymous_51)","decl":{"start":{"line":453,"column":14},"end":{"line":453,"column":15}},"loc":{"start":{"line":453,"column":24},"end":{"line":453,"column":35}},"line":453},"52":{"name":"(anonymous_52)","decl":{"start":{"line":454,"column":11},"end":{"line":454,"column":12}},"loc":{"start":{"line":454,"column":21},"end":{"line":481,"column":7}},"line":454},"53":{"name":"(anonymous_53)","decl":{"start":{"line":482,"column":14},"end":{"line":482,"column":15}},"loc":{"start":{"line":482,"column":24},"end":{"line":482,"column":37}},"line":482},"54":{"name":"(anonymous_54)","decl":{"start":{"line":485,"column":26},"end":{"line":485,"column":27}},"loc":{"start":{"line":485,"column":74},"end":{"line":495,"column":3}},"line":485},"55":{"name":"(anonymous_55)","decl":{"start":{"line":491,"column":22},"end":{"line":491,"column":23}},"loc":{"start":{"line":491,"column":32},"end":{"line":494,"column":5}},"line":491},"56":{"name":"(anonymous_56)","decl":{"start":{"line":497,"column":29},"end":{"line":497,"column":30}},"loc":{"start":{"line":500,"column":7},"end":{"line":560,"column":3}},"line":500},"57":{"name":"(anonymous_57)","decl":{"start":{"line":512,"column":6},"end":{"line":512,"column":7}},"loc":{"start":{"line":512,"column":13},"end":{"line":512,"column":79}},"line":512},"58":{"name":"(anonymous_58)","decl":{"start":{"line":536,"column":8},"end":{"line":536,"column":9}},"loc":{"start":{"line":537,"column":10},"end":{"line":538,"column":29}},"line":537},"59":{"name":"(anonymous_59)","decl":{"start":{"line":541,"column":8},"end":{"line":541,"column":9}},"loc":{"start":{"line":542,"column":10},"end":{"line":543,"column":73}},"line":542},"60":{"name":"(anonymous_60)","decl":{"start":{"line":562,"column":27},"end":{"line":562,"column":28}},"loc":{"start":{"line":565,"column":7},"end":{"line":599,"column":3}},"line":565},"61":{"name":"(anonymous_61)","decl":{"start":{"line":571,"column":8},"end":{"line":571,"column":9}},"loc":{"start":{"line":571,"column":15},"end":{"line":571,"column":74}},"line":571},"62":{"name":"(anonymous_62)","decl":{"start":{"line":601,"column":26},"end":{"line":601,"column":27}},"loc":{"start":{"line":601,"column":50},"end":{"line":613,"column":3}},"line":601},"63":{"name":"(anonymous_63)","decl":{"start":{"line":615,"column":33},"end":{"line":615,"column":34}},"loc":{"start":{"line":615,"column":45},"end":{"line":642,"column":3}},"line":615},"64":{"name":"(anonymous_64)","decl":{"start":{"line":644,"column":37},"end":{"line":644,"column":38}},"loc":{"start":{"line":644,"column":49},"end":{"line":690,"column":3}},"line":644},"65":{"name":"(anonymous_65)","decl":{"start":{"line":650,"column":8},"end":{"line":650,"column":9}},"loc":{"start":{"line":650,"column":21},"end":{"line":657,"column":9}},"line":650},"66":{"name":"(anonymous_66)","decl":{"start":{"line":652,"column":12},"end":{"line":652,"column":13}},"loc":{"start":{"line":653,"column":14},"end":{"line":654,"column":33}},"line":653},"67":{"name":"(anonymous_67)","decl":{"start":{"line":663,"column":10},"end":{"line":663,"column":11}},"loc":{"start":{"line":664,"column":12},"end":{"line":665,"column":31}},"line":664},"68":{"name":"(anonymous_68)","decl":{"start":{"line":675,"column":8},"end":{"line":675,"column":9}},"loc":{"start":{"line":675,"column":21},"end":{"line":682,"column":9}},"line":675},"69":{"name":"(anonymous_69)","decl":{"start":{"line":677,"column":12},"end":{"line":677,"column":13}},"loc":{"start":{"line":678,"column":14},"end":{"line":679,"column":33}},"line":678},"70":{"name":"(anonymous_70)","decl":{"start":{"line":692,"column":30},"end":{"line":692,"column":31}},"loc":{"start":{"line":692,"column":42},"end":{"line":735,"column":3}},"line":692},"71":{"name":"(anonymous_71)","decl":{"start":{"line":737,"column":26},"end":{"line":737,"column":27}},"loc":{"start":{"line":737,"column":38},"end":{"line":746,"column":3}},"line":737},"72":{"name":"(anonymous_72)","decl":{"start":{"line":748,"column":27},"end":{"line":748,"column":28}},"loc":{"start":{"line":748,"column":39},"end":{"line":756,"column":3}},"line":748},"73":{"name":"(anonymous_73)","decl":{"start":{"line":758,"column":33},"end":{"line":758,"column":34}},"loc":{"start":{"line":758,"column":39},"end":{"line":761,"column":3}},"line":758},"74":{"name":"(anonymous_74)","decl":{"start":{"line":763,"column":28},"end":{"line":763,"column":29}},"loc":{"start":{"line":763,"column":34},"end":{"line":937,"column":3}},"line":763},"75":{"name":"(anonymous_75)","decl":{"start":{"line":770,"column":14},"end":{"line":770,"column":15}},"loc":{"start":{"line":770,"column":20},"end":{"line":790,"column":5}},"line":770},"76":{"name":"(anonymous_76)","decl":{"start":{"line":771,"column":27},"end":{"line":771,"column":28}},"loc":{"start":{"line":771,"column":39},"end":{"line":787,"column":7}},"line":771},"77":{"name":"(anonymous_77)","decl":{"start":{"line":779,"column":10},"end":{"line":779,"column":11}},"loc":{"start":{"line":779,"column":20},"end":{"line":779,"column":75}},"line":779},"78":{"name":"(anonymous_78)","decl":{"start":{"line":792,"column":23},"end":{"line":792,"column":24}},"loc":{"start":{"line":792,"column":39},"end":{"line":800,"column":5}},"line":792},"79":{"name":"(anonymous_79)","decl":{"start":{"line":807,"column":24},"end":{"line":807,"column":25}},"loc":{"start":{"line":807,"column":30},"end":{"line":807,"column":64}},"line":807},"80":{"name":"(anonymous_80)","decl":{"start":{"line":849,"column":52},"end":{"line":849,"column":53}},"loc":{"start":{"line":852,"column":24},"end":{"line":881,"column":36}},"line":852},"81":{"name":"(anonymous_81
[...]
column":7}},{"start":{},"end":{}}],"line":586},"43":{"loc":{"start":{"line":586,"column":10},"end":{"line":586,"column":68}},"type":"binary-expr","locations":[{"start":{"line":586,"column":10},"end":{"line":586,"column":20}},{"start":{"line":586,"column":24},"end":{"line":586,"column":68}}],"line":586},"44":{"loc":{"start":{"line":617,"column":6},"end":{"line":618,"column":15}},"type":"if","locations":[{"start":{"line":617,"column":6},"end":{"line":618,"column":15}},{"start":{},"end":{}}],"line":617},"45":{"loc":{"start":{"line":617,"column":10},"end":{"line":617,"column":78}},"type":"binary-expr","locations":[{"start":{"line":617,"column":10},"end":{"line":617,"column":39}},{"start":{"line":617,"column":43},"end":{"line":617,"column":78}}],"line":617},"46":{"loc":{"start":{"line":646,"column":6},"end":{"line":646,"column":37}},"type":"if","locations":[{"start":{"line":646,"column":6},"end":{"line":646,"column":37}},{"start":{},"end":{}}],"line":646},"47":{"loc":{"start":{"line":667,"column":8},"end":{"line":670,"column":9}},"type":"if","locations":[{"start":{"line":667,"column":8},"end":{"line":670,"column":9}},{"start":{},"end":{}}],"line":667},"48":{"loc":{"start":{"line":693,"column":4},"end":{"line":693,"column":46}},"type":"if","locations":[{"start":{"line":693,"column":4},"end":{"line":693,"column":46}},{"start":{},"end":{}}],"line":693},"49":{"loc":{"start":{"line":699,"column":26},"end":{"line":699,"column":55}},"type":"cond-expr","locations":[{"start":{"line":699,"column":39},"end":{"line":699,"column":49}},{"start":{"line":699,"column":52},"end":{"line":699,"column":55}}],"line":699},"50":{"loc":{"start":{"line":704,"column":6},"end":{"line":710,"column":7}},"type":"if","locations":[{"start":{"line":704,"column":6},"end":{"line":710,"column":7}},{"start":{},"end":{}}],"line":704},"51":{"loc":{"start":{"line":704,"column":10},"end":{"line":704,"column":68}},"type":"binary-expr","locations":[{"start":{"line":704,"column":10},"end":{"line":704,"column":20}},{"start":{"line":704,"column":24},"end":{"line":704,"column":68}}],"line":704},"52":{"loc":{"start":{"line":713,"column":6},"end":{"line":725,"column":7}},"type":"if","locations":[{"start":{"line":713,"column":6},"end":{"line":725,"column":7}},{"start":{},"end":{}}],"line":713},"53":{"loc":{"start":{"line":714,"column":8},"end":{"line":715,"column":37}},"type":"binary-expr","locations":[{"start":{"line":714,"column":8},"end":{"line":714,"column":47}},{"start":{"line":715,"column":8},"end":{"line":715,"column":37}}],"line":714},"54":{"loc":{"start":{"line":719,"column":12},"end":{"line":719,"column":77}},"type":"cond-expr","locations":[{"start":{"line":719,"column":44},"end":{"line":719,"column":58}},{"start":{"line":719,"column":61},"end":{"line":719,"column":77}}],"line":719},"55":{"loc":{"start":{"line":738,"column":4},"end":{"line":738,"column":35}},"type":"if","locations":[{"start":{"line":738,"column":4},"end":{"line":738,"column":35}},{"start":{},"end":{}}],"line":738},"56":{"loc":{"start":{"line":749,"column":4},"end":{"line":749,"column":35}},"type":"if","locations":[{"start":{"line":749,"column":4},"end":{"line":749,"column":35}},{"start":{},"end":{}}],"line":749},"57":{"loc":{"start":{"line":764,"column":4},"end":{"line":764,"column":40}},"type":"if","locations":[{"start":{"line":764,"column":4},"end":{"line":764,"column":40}},{"start":{},"end":{}}],"line":764},"58":{"loc":{"start":{"line":773,"column":8},"end":{"line":776,"column":9}},"type":"if","locations":[{"start":{"line":773,"column":8},"end":{"line":776,"column":9}},{"start":{},"end":{}}],"line":773},"59":{"loc":{"start":{"line":783,"column":28},"end":{"line":783,"column":52}},"type":"binary-expr","locations":[{"start":{"line":783,"column":28},"end":{"line":783,"column":38}},{"start":{"line":783,"column":42},"end":{"line":783,"column":52}}],"line":783},"60":{"loc":{"start":{"line":825,"column":21},"end":{"line":829,"column":21}},"type":"binary-expr","locations":[{"start":{"line":825,"column":21},"end":{"line":825,"column":31}},{"start":{"line":826,"column":22},"end":{"line":828,"column":29}}],"line":825},"61":{"loc":{"start":{"line":840,"column":17},"end":{"line":885,"column":17}},"type":"binary-expr","locations":[{"start":{"line":840,"column":17},"end":{"line":840,"column":43}},{"start":{"line":841,"column":18},"end":{"line":884,"column":25}}],"line":840},"62":{"loc":{"start":{"line":950,"column":46},"end":{"line":950,"column":64}},"type":"cond-expr","locations":[{"start":{"line":950,"column":57},"end":{"line":950,"column":60}},{"start":{"line":950,"column":63},"end":{"line":950,"column":64}}],"line":950},"63":{"loc":{"start":{"line":1038,"column":4},"end":{"line":1040,"column":5}},"type":"if","locations":[{"start":{"line":1038,"column":4},"end":{"line":1040,"column":5}},{"start":{},"end":{}}],"line":1038},"64":{"loc":{"start":{"line":1048,"column":4},"end":{"line":1050,"column":5}},"type":"if","locations":[{"start":{"line":1048,"column":4},"end":{"line":1050,"column":5}},{"start":{},"end":{}}],"line":1048},"65":{"loc":{"start":{"line":1074,"column":14},"end":{"line":1081,"column":27}},"type":"cond-expr","locations":[{"start":{"line":1075,"column":16},"end":{"line":1080,"column":18}},{"start":{"line":1081,"column":18},"end":{"line":1081,"column":27}}],"line":1074}},"s":{"0":0,"1":0,"2":0,"3":0,"4":0,"5":0,"6":0,"7":0,"8":0,"9":0,"10":0,"11":0,"12":0,"13":0,"14":0,"15":0,"16":0,"17":0,"18":0,"19":0,"20":0,"21":0,"22":0,"23":0,"24":0,"25":0,"26":0,"27":0,"28":0,"29":0,"30":0,"31":0,"32":0,"33":0,"34":0,"35":0,"36":0,"37":0,"38":0,"39":0,"40":0,"41":0,"42":0,"43":0,"44":0,"45":0,"46":0,"47":0,"48":0,"49":0,"50":0,"51":0,"52":0,"53":0,"54":0,"55":0,"56":0,"57":0,"58":0,"59":0,"60":0,"61":0,"62":0,"63":0,"64":0,"65":0,"66":0,"67":0,"68":0,"69":0,"70":0,"71":0,"72":0,"73":0,"74":0,"75":0,"76":0,"77":0,"78":0,"79":0,"80":0,"81":0,"82":0,"83":0,"84":0,"85":0,"86":0,"87":0,"88":0,"89":0,"90":0,"91":0,"92":0,"93":0,"94":0,"95":0,"96":0,"97":0,"98":0,"99":0,"100":0,"101":0,"102":0,"103":0,"104":0,"105":0,"106":0,"107":0,"108":0,"109":0,"110":0,"111":0,"112":0,"113":0,"114":0,"115":0,"116":0,"117":0,"118":0,"119":0,"120":0,"121":0,"122":0,"123":0,"124":0,"125":0,"126":0,"127":0,"128":0,"129":0,"130":0,"131":0,"132":0,"133":0,"134":0,"135":0,"136":0,"137":0,"138":0,"139":0,"140":0,"141":0,"142":0,"143":0,"144":0,"145":0,"146":0,"147":0,"148":0,"149":0,"150":0,"151":0,"152":0,"153":0,"154":0,"155":0,"156":0,"157":0,"158":0,"159":0,"160":0,"161":0,"162":0,"163":0,"164":0,"165":0,"166":0,"167":0,"168":0,"169":0,"170":0,"171":0,"172":0,"173":0,"174":0,"175":0,"176":0,"177":0,"178":0,"179":0,"180":0,"181":0,"182":0,"183":0,"184":0,"185":0,"186":0,"187":0,"188":0,"189":0,"190":0,"191":0,"192":0,"193":0,"194":0,"195":0,"196":0,"197":0,"198":0,"199":0,"200":0,"201":0,"202":0,"203":0,"204":0,"205":0,"206":0,"207":0,"208":0,"209":0,"210":0,"211":0,"212":0,"213":0,"214":0,"215":0,"216":0,"217":0,"218":0,"219":0,"220":0,"221":0,"222":0,"223":0,"224":0,"225":0,"226":0,"227":0,"228":0,"229":0,"230":0,"231":0,"232":0,"233":0,"234":0,"235":0,"236":0,"237":0,"238":0,"239":0,"240":0,"241":0,"242":0,"243":0,"244":0,"245":0,"246":0,"247":0,"248":0,"249":0,"250":0,"251":0,"252":0,"253":0,"254":0,"255":0,"256":0,"257":0,"258":0,"259":0,"260":0,"261":0,"262":0,"263":0,"264":0,"265":0,"266":0,"267":0,"268":0,"269":0,"270":0,"271":0,"272":0,"273":0,"274":0,"275":0,"276":0,"277":0,"278":0,"279":0,"280":0,"281":0,"282":0,"283":0,"284":0,"285":0,"286":0,"287":0,"288":0,"289":0,"290":0,"291":0,"292":0,"293":0,"294":0,"295":0,"296":0,"297":0,"298":0,"299":0,"300":0,"301":0,"302":0,"303":0,"304":0,"305":0,"306":0,"307":0,"308":0,"309":0,"310":0,"311":0,"312":0,"313":0,"314":0,"315":0,"316":0,"317":0,"318":0,"319":0,"320":0,"321":0,"322":0,"323":0,"324":0,"325":0,"326":0,"327":0,"328":0,"329":0,"330":0,"331":0,"332":0,"333":0,"334":0,"335":0,"336":0,"337":0,"338":0,"339":0,"340":0,"341":0,"342":0,"343":0,"344":0,"345":0,"346":0,"347":0,"348":0,"349":0,"350":0,"351":0,"352":0,"353":0,"354":0,"355":0,"356":0,"357":0,"358":0,"359":0,"360":0,"361":0,"362":0,"363":0,"364":0,"365":0,"366":0,"367":0,"368":0,"369":0,"370":0,"371":0,"372":0,"373":0,"374":0,"375":0,"376":0,"377":0,"378":0,"379":0,"380":0,"381":0,"382":0,"383":0,"384":0,"385":0,"386":0,"387":0,"388":0,"389":0,"390":0},"f":{"0":0,"1":0,"2":0,"3":0,"4":0,"5":0,"6":0,"7":0,"8":0,"9":0,"10":0,"11":0,"12":0,"13":0,"14":0,"15":0,"16":0,"17":0,"18":0,"19":0,"20":0,"21":0,"22":0,"23":0,"24":0,"25":0,"26":0,"27":0,"28":0,"29":0,"30":0,"31":0,"32":0,"33":0,"34":0,"35":0,"36":0,"37":0,"38":0,"39":0,"40":0,"41":0,"42":0,"43":0,"44":0,"45":0,"46":0,"47":0,"48":0,"49":0,"50":0,"51":0,"52":0,"53":0,"54":0,"55":0,"56":0,"57":0,"58":0,"59":0,"60":0,"61":0,"62":0,"63":0,"64":0,"65":0,"66":0,"67":0,"68":0,"69":0,"70":0,"71":0,"72":0,"73":0,"74":0,"75":0,"76":0,"77":0,"78":0,"79":0,"80":0,"81":0,"82":0,"83":0,"84":0,"85":0,"86":0,"87":0,"88":0,"89":0,"90":0,"91":0,"92":0,"93":0,"94":0,"95":0,"96":0,"97":0,"98":0,"99":0,"100":0},"b":{"0":[0,0],"1":[0,0],"2":[0,0,0,0],"3":[0,0],"4":[0,0],"5":[0,0],"6":[0,0],"7":[0,0],"8":[0,0],"9":[0,0],"10":[0,0],"11":[0,0],"12":[0,0],"13":[0,0],"14":[0,0],"15":[0,0],"16":[0,0],"17":[0,0],"18":[0,0],"19":[0,0],"20":[0,0],"21":[0,0],"22":[0,0],"23":[0,0],"24":[0,0],"25":[0,0],"26":[0,0,0],"27":[0,0],"28":[0,0],"29":[0,0],"30":[0,0],"31":[0,0],"32":[0,0],"33":[0,0],"34":[0,0],"35":[0,0],"36":[0,0],"37":[0,0],"38":[0,0],"39":[0,0],"40":[0,0],"41":[0,0],"42":[0,0],"43":[0,0],"44":[0,0],"45":[0,0],"46":[0,0],"47":[0,0],"48":[0,0],"49":[0,0],"50":[0,0],"51":[0,0],"52":[0,0],"53":[0,0],"54":[0,0],"55":[0,0],"56":[0,0],"57":[0,0],"58":[0,0],"59":[0,0],"60":[0,0],"61":[0,0],"62":[0,0],"63":[0,0],"64":[0,0],"65":[0,0]}}
,"C:\\Users\\Mah\\Documents\\Trabalho\\Listai\\src\\styles\\HomeScreenStyles.ts": {"path":"C:\\Users\\Mah\\Documents\\Trabalho\\Listai\\src\\styles\\HomeScreenStyles.ts","statementMap":{"0":{"start":{"line":51,"column":38},"end":{"line":276,"column":2}},"1":{"start":{"line":51,"column":59},"end":{"line":276,"column":2}}},"fnMap":{"0":{"name":"(anonymous_0)","decl":{"start":{"line":51,"column":38},"end":{"line":51,"column":39}},"loc":{"start":{"line":51,"column":59},"end":{"line":276,"column":2}},"line":51}},"branchMap":{},"s":{"0":0,"1":0},"f":{"0":0},"b":{}}
,"C:\\Users\\Mah\\Documents\\Trabalho\\Listai\\src\\utils\\similarityUtils.ts": {"path":"C:\\Users\\Mah\\Documents\\Trabalho\\Listai\\src\\utils\\similarityUtils.ts","statementMap":{"0":{"start":{"line":3,"column":30},"end":{"line":10,"column":1}},"1":{"start":{"line":4,"column":2},"end":{"line":9,"column":12}},"2":{"start":{"line":12,"column":35},"end":{"line":25,"column":1}},"3":{"start":{"line":13,"column":13},"end":{"line":13,"column":33}},"4":{"start":{"line":14,"column":13},"end":{"line":14,"column":33}},"5":{"start":{"line":16,"column":2},"end":{"line":16,"column":26}},"6":{"start":{"line":16,"column":17},"end":{"line":16,"column":26}},"7":{"start":{"line":17,"column":2},"end":{"line":17,"column":51}},"8":{"start":{"line":17,"column":42},"end":{"line":17,"column":51}},"9":{"start":{"line":19,"column":17},"end":{"line":19,"column":29}},"10":{"start":{"line":20,"column":17},"end":{"line":20,"column":29}},"11":{"start":{"line":21,"column":16},"end":{"line":21,"column":41}},"12":{"start":{"line":22,"column":23},"end":{"line":22,"column":75}},"13":{"start":{"line":22,"column":55},"end":{"line":22,"column":68}},"14":{"start":{"line":24,"column":2},"end":{"line":24,"column":38}},"15":{"start":{"line":27,"column":17},"end":{"line":33,"column":1}},"16":{"start":{"line":28,"column":16},"end":{"line":28,"column":33}},"17":{"start":{"line":29,"column":2},"end":{"line":31,"column":3}},"18":{"start":{"line":29,"column":15},"end":{"line":29,"column":16}},"19":{"start":{"line":30,"column":4},"end":{"line":30,"column":35}},"20":{"start":{"line":32,"column":2},"end":{"line":32,"column":15}},"21":{"start":{"line":35,"column":35},"end":{"line":46,"column":1}},"22":{"start":{"line":36,"column":30},"end":{"line":36,"column":50}},"23":{"start":{"line":38,"column":2},"end":{"line":45,"column":35}},"24":{"start":{"line":39,"column":21},"end":{"line":42,"column":5}},"25":{"start":{"line":43,"column":32},"end":{"line":43,"column":65}},"26":{"start":{"line":44,"column":20},"end":{"line":44,"column":47}},"27":{"start":{"line":45,"column":26},"end":{"line":45,"column":33}}},"fnMap":{"0":{"name":"(anonymous_0)","decl":{"start":{"line":3,"column":30},"end":{"line":3,"column":31}},"loc":{"start":{"line":3,"column":56},"end":{"line":10,"column":1}},"line":3},"1":{"name":"(anonymous_1)","decl":{"start":{"line":12,"column":35},"end":{"line":12,"column":36}},"loc":{"start":{"line":12,"column":75},"end":{"line":25,"column":1}},"line":12},"2":{"name":"(anonymous_2)","decl":{"start":{"line":22,"column":50},"end":{"line":22,"column":51}},"loc":{"start":{"line":22,"column":55},"end":{"line":22,"column":68}},"line":22},"3":{"name":"(anonymous_3)","decl":{"start":{"line":27,"column":17},"end":{"line":27,"column":18}},"loc":{"start":{"line":27,"column":47},"end":{"line":33,"column":1}},"line":27},"4":{"name":"(anonymous_4)","decl":{"start":{"line":35,"column":35},"end":{"line":35,"column":36}},"loc":{"start":{"line":35,"column":120},"end":{"line":46,"column":1}},"line":35},"5":{"name":"(anonymous_5)","decl":{"start":{"line":39,"column":9},"end":{"line":39,"column":10}},"loc":{"start":{"line":39,"column":21},"end":{"line":42,"column":5}},"line":39},"6":{"name":"(anonymous_6)","decl":{"start":{"line":43,"column":12},"end":{"line":43,"column":13}},"loc":{"start":{"line":43,"column":32},"end":{"line":43,"column":65}},"line":43},"7":{"name":"(anonymous_7)","decl":{"start":{"line":44,"column":10},"end":{"line":44,"column":11}},"loc":{"start":{"line":44,"column":20},"end":{"line":44,"column":47}},"line":44},"8":{"name":"(anonymous_8)","decl":{"start":{"line":45,"column":9},"end":{"line":45,"column":10}},"loc":{"start":{"line":45,"column":26},"end":{"line":45,"column":33}},"line":45}},"branchMap":{"0":{"loc":{"start":{"line":16,"column":2},"end":{"line":16,"column":26}},"type":"if","locations":[{"start":{"line":16,"column":2},"end":{"line":16,"column":26}},{"start":{},"end":{}}],"line":16},"1":{"loc":{"start":{"line":17,"column":2},"end":{"line":17,"column":51}},"type":"if","locations":[{"start":{"line":17,"column":2},"end":{"line":17,"column":51}},{"start":{},"end":{}}],"line":17},"2":{"loc":{"start":{"line":17,"column":6},"end":{"line":17,"column":40}},"type":"binary-expr","locations":[{"start":{"line":17,"column":6},"end":{"line":17,"column":21}},{"start":{"line":17,"column":25},"end":{"line":17,"column":40}}],"line":17},"3":{"loc":{"start":{"line":35,"column":71},"end":{"line":35,"column":104}},"type":"default-arg","locations":[{"start":{"line":35,"column":101},"end":{"line":35,"column":104}}],"line":35}},"s":{"0":0,"1":0,"2":0,"3":0,"4":0,"5":0,"6":0,"7":0,"8":0,"9":0,"10":0,"11":0,"12":0,"13":0,"14":0,"15":0,"16":0,"17":0,"18":0,"19":0,"20":0,"21":0,"22":0,"23":0,"24":0,"25":0,"26":0,"27":0},"f":{"0":0,"1":0,"2":0,"3":0,"4":0,"5":0,"6":0,"7":0,"8":0},"b":{"0":[0,0],"1":[0,0],"2":[0,0],"3":[0]}}
,"C:\\Users\\Mah\\Documents\\Trabalho\\Listai\\src\\utils\\stringUtils.ts": {"path":"C:\\Users\\Mah\\Documents\\Trabalho\\Listai\\src\\utils\\stringUtils.ts","statementMap":{"0":{"start":{"line":2,"column":34},"end":{"line":17,"column":3}},"1":{"start":{"line":3,"column":22},"end":{"line":3,"column":40}},"2":{"start":{"line":4,"column":4},"end":{"line":4,"column":50}},"3":{"start":{"line":4,"column":38},"end":{"line":4,"column":50}},"4":{"start":{"line":5,"column":4},"end":{"line":5,"column":51}},"5":{"start":{"line":5,"column":39},"end":{"line":5,"column":51}},"6":{"start":{"line":6,"column":4},"end":{"line":6,"column":52}},"7":{"start":{"line":6,"column":40},"end":{"line":6,"column":52}},"8":{"start":{"line":7,"column":4},"end":{"line":7,"column":49}},"9":{"start":{"line":7,"column":37},"end":{"line":7,"column":49}},"10":{"start":{"line":8,"column":4},"end":{"line":8,"column":50}},"11":{"start":{"line":8,"column":38},"end":{"line":8,"column":50}},"12":{"start":{"line":9,"column":4},"end":{"line":9,"column":49}},"13":{"start":{"line":9,"column":37},"end":{"line":9,"column":49}},"14":{"start":{"line":10,"column":4},"end":{"line":10,"column":53}},"15":{"start":{"line":10,"column":41},"end":{"line":10,"column":53}},"16":{"start":{"line":11,"column":4},"end":{"line":11,"column":52}},"17":{"start":{"line":11,"column":40},"end":{"line":11,"column":52}},"18":{"start":{"line":12,"column":4},"end":{"line":12,"column":52}},"19":{"start":{"line":12,"column":40},"end":{"line":12,"column":52}},"20":{"start":{"line":13,"column":4},"end":{"line":13,"column":50}},"21":{"start":{"line":13,"column":38},"end":{"line":13,"column":50}},"22":{"start":{"line":14,"column":4},"end":{"line":14,"column":47}},"23":{"start":{"line":14,"column":35},"end":{"line":14,"column":47}},"24":{"start":{"line":15,"column":4},"end":{"line":15,"column":52}},"25":{"start":{"line":15,"column":40},"end":{"line":15,"column":52}},"26":{"start":{"line":16,"column":4},"end":{"line":16,"column":17}}},"fnMap":{"0":{"name":"(anonymous_0)","decl":{"start":{"line":2,"column":34},"end":{"line":2,"column":35}},"loc":{"start":{"line":2,"column":60},"end":{"line":17,"column":3}},"line":2}},"branchMap":{"0":{"loc":{"start":{"line":4,"column":4},"end":{"line":4,"column":50}},"type":"if","locations":[{"start":{"line":4,"column":4},"end":{"line":4,"column":50}},{"start":{},"end":{}}],"line":4},"1":{"loc":{"start":{"line":5,"column":4},"end":{"line":5,"column":51}},"type":"if","locations":[{"start":{"line":5,"column":4},"end":{"line":5,"column":51}},{"start":{},"end":{}}],"line":5},"2":{"loc":{"start":{"line":6,"column":4},"end":{"line":6,"column":52}},"type":"if","locations":[{"start":{"line":6,"column":4},"end":{"line":6,"column":52}},{"start":{},"end":{}}],"line":6},"3":{"loc":{"start":{"line":7,"column":4},"end":{"line":7,"column":49}},"type":"if","locations":[{"start":{"line":7,"column":4},"end":{"line":7,"column":49}},{"start":{},"end":{}}],"line":7},"4":{"loc":{"start":{"line":8,"column":4},"end":{"line":8,"column":50}},"type":"if","locations":[{"start":{"line":8,"column":4},"end":{"line":8,"column":50}},{"start":{},"end":{}}],"line":8},"5":{"loc":{"start":{"line":9,"column":4},"end":{"line":9,"column":49}},"type":"if","locations":[{"start":{"line":9,"column":4},"end":{"line":9,"column":49}},{"start":{},"end":{}}],"line":9},"6":{"loc":{"start":{"line":10,"column":4},"end":{"line":10,"column":53}},"type":"if","locations":[{"start":{"line":10,"column":4},"end":{"line":10,"column":53}},{"start":{},"end":{}}],"line":10},"7":{"loc":{"start":{"line":11,"column":4},"end":{"line":11,"column":52}},"type":"if","locations":[{"start":{"line":11,"column":4},"end":{"line":11,"column":52}},{"start":{},"end":{}}],"line":11},"8":{"loc":{"start":{"line":12,"column":4},"end":{"line":12,"column":52}},"type":"if","locations":[{"start":{"line":12,"column":4},"end":{"line":12,"column":52}},{"start":{},"end":{}}],"line":12},"9":{"loc":{"start":{"line":13,"column":4},"end":{"line":13,"column":50}},"type":"if","locations":[{"start":{"line":13,"column":4},"end":{"line":13,"column":50}},{"start":{},"end":{}}],"line":13},"10":{"loc":{"start":{"line":14,"column":4},"end":{"line":14,"column":47}},"type":"if","locations":[{"start":{"line":14,"column":4},"end":{"line":14,"column":47}},{"start":{},"end":{}}],"line":14},"11":{"loc":{"start":{"line":15,"column":4},"end":{"line":15,"column":52}},"type":"if","locations":[{"start":{"line":15,"column":4},"end":{"line":15,"column":52}},{"start":{},"end":{}}],"line":15}},"s":{"0":0,"1":0,"2":0,"3":0,"4":0,"5":0,"6":0,"7":0,"8":0,"9":0,"10":0,"11":0,"12":0,"13":0,"14":0,"15":0,"16":0,"17":0,"18":0,"19":0,"20":0,"21":0,"22":0,"23":0,"24":0,"25":0,"26":0},"f":{"0":0},"b":{"0":[0,0],"1":[0,0],"2":[0,0],"3":[0,0],"4":[0,0],"5":[0,0],"6":[0,0],"7":[0,0],"8":[0,0],"9":[0,0],"10":[0,0],"11":[0,0]}}
}
