TN:
SF:src\components\ConfirmationModal.tsx
FN:4,(anonymous_0)
FNF:1
FNH:0
FNDA:0,(anonymous_0)
DA:4,0
DA:5,0
DA:26,0
LF:3
LH:0
BRF:0
BRH:0
end_of_record
TN:
SF:src\database\database.ts
FN:5,(anonymous_0)
FN:15,(anonymous_1)
FN:54,(anonymous_2)
FN:60,(anonymous_3)
FN:67,(anonymous_4)
FN:90,(anonymous_5)
FN:109,(anonymous_6)
FN:116,(anonymous_7)
FN:137,(anonymous_8)
FN:138,(anonymous_9)
FN:154,(anonymous_10)
FN:158,(anonymous_11)
FN:170,(anonymous_12)
FN:208,(anonymous_13)
FN:209,(anonymous_14)
FN:238,(anonymous_15)
FN:241,(anonymous_16)
FN:271,(anonymous_17)
FN:272,(anonymous_18)
FN:284,(anonymous_19)
FN:287,(anonymous_20)
FN:307,(anonymous_21)
FN:331,(anonymous_22)
FN:332,(anonymous_23)
FN:342,(anonymous_24)
FN:345,(anonymous_25)
FN:350,(anonymous_26)
FN:365,(anonymous_27)
FN:366,(anonymous_28)
FN:381,(anonymous_29)
FN:386,(anonymous_30)
FN:401,(anonymous_31)
FN:417,(anonymous_32)
FNF:33
FNH:3
FNDA:1,(anonymous_0)
FNDA:1,(anonymous_1)
FNDA:0,(anonymous_2)
FNDA:0,(anonymous_3)
FNDA:0,(anonymous_4)
FNDA:0,(anonymous_5)
FNDA:0,(anonymous_6)
FNDA:0,(anonymous_7)
FNDA:0,(anonymous_8)
FNDA:0,(anonymous_9)
FNDA:0,(anonymous_10)
FNDA:0,(anonymous_11)
FNDA:0,(anonymous_12)
FNDA:0,(anonymous_13)
FNDA:0,(anonymous_14)
FNDA:0,(anonymous_15)
FNDA:0,(anonymous_16)
FNDA:0,(anonymous_17)
FNDA:0,(anonymous_18)
FNDA:0,(anonymous_19)
FNDA:0,(anonymous_20)
FNDA:0,(anonymous_21)
FNDA:0,(anonymous_22)
FNDA:0,(anonymous_23)
FNDA:0,(anonymous_24)
FNDA:0,(anonymous_25)
FNDA:0,(anonymous_26)
FNDA:0,(anonymous_27)
FNDA:0,(anonymous_28)
FNDA:0,(anonymous_29)
FNDA:0,(anonymous_30)
FNDA:1,(anonymous_31)
FNDA:0,(anonymous_32)
DA:3,1
DA:5,1
DA:8,1
DA:9,1
DA:12,1
DA:15,1
DA:16,1
DA:17,0
DA:21,1
DA:38,1
DA:54,1
DA:55,0
DA:56,0
DA:59,0
DA:60,0
DA:62,0
DA:63,0
DA:67,1
DA:73,0
DA:81,0
DA:82,0
DA:86,0
DA:87,0
DA:90,1
DA:91,0
DA:92,0
DA:95,0
DA:96,0
DA:97,0
DA:98,0
DA:100,0
DA:101,0
DA:103,0
DA:107,0
DA:108,0
DA:109,0
DA:111,0
DA:113,0
DA:114,0
DA:115,0
DA:116,0
DA:117,0
DA:118,0
DA:126,0
DA:137,1
DA:138,0
DA:139,0
DA:140,0
DA:141,0
DA:144,0
DA:147,0
DA:149,0
DA:154,1
DA:158,0
DA:159,0
DA:160,0
DA:163,0
DA:165,0
DA:170,1
DA:174,0
DA:175,0
DA:177,0
DA:182,0
DA:183,0
DA:186,0
DA:192,0
DA:196,0
DA:197,0
DA:199,0
DA:202,0
DA:203,0
DA:204,0
DA:208,1
DA:209,0
DA:210,0
DA:211,0
DA:212,0
DA:215,0
DA:217,0
DA:221,0
DA:222,0
DA:223,0
DA:224,0
DA:227,0
DA:229,0
DA:232,0
DA:238,1
DA:241,0
DA:242,0
DA:243,0
DA:245,0
DA:247,0
DA:248,0
DA:253,0
DA:256,0
DA:257,0
DA:258,0
DA:260,0
DA:263,0
DA:264,0
DA:271,1
DA:272,0
DA:273,0
DA:274,0
DA:277,0
DA:279,0
DA:284,1
DA:287,0
DA:288,0
DA:289,0
DA:290,0
DA:291,0
DA:292,0
DA:297,0
DA:303,0
DA:307,0
DA:308,0
DA:312,0
DA:313,0
DA:317,0
DA:323,0
DA:325,0
DA:326,0
DA:331,1
DA:332,0
DA:333,0
DA:334,0
DA:335,0
DA:337,0
DA:342,1
DA:345,0
DA:346,0
DA:347,0
DA:348,0
DA:350,0
DA:351,0
DA:356,0
DA:357,0
DA:359,0
DA:360,0
DA:365,1
DA:366,0
DA:367,0
DA:368,0
DA:369,0
DA:370,0
DA:373,0
DA:375,0
DA:376,0
DA:381,1
DA:386,0
DA:387,0
DA:388,0
DA:389,0
DA:390,0
DA:393,0
DA:395,0
DA:396,0
DA:401,1
DA:405,1
DA:406,1
DA:407,1
DA:412,0
DA:413,0
DA:417,1
DA:421,0
DA:423,0
DA:424,0
DA:425,0
DA:451,0
DA:452,0
DA:453,0
LF:172
LH:28
BRDA:6,0,0,1
BRDA:8,1,0,1
BRDA:8,1,1,0
BRDA:16,2,0,0
BRDA:16,2,1,1
BRDA:81,3,0,0
BRDA:81,3,1,0
BRDA:100,4,0,0
BRDA:100,4,1,0
BRDA:107,5,0,0
BRDA:107,5,1,0
BRDA:117,6,0,0
BRDA:117,6,1,0
BRDA:182,7,0,0
BRDA:182,7,1,0
BRDA:196,8,0,0
BRDA:196,8,1,0
BRDA:196,9,0,0
BRDA:196,9,1,0
BRDA:217,10,0,0
BRDA:217,10,1,0
BRDA:218,11,0,0
BRDA:218,11,1,0
BRDA:247,12,0,0
BRDA:247,12,1,0
BRDA:256,13,0,0
BRDA:256,13,1,0
BRDA:290,14,0,0
BRDA:290,14,1,0
BRDA:312,15,0,0
BRDA:312,15,1,0
BRF:31
BRH:3
end_of_record
TN:
SF:src\screens\AddProductScreen.tsx
FN:11,AddProductScreen
FN:17,(anonymous_1)
FNF:2
FNH:0
FNDA:0,AddProductScreen
FNDA:0,(anonymous_1)
DA:12,0
DA:13,0
DA:14,0
DA:15,0
DA:17,0
DA:18,0
DA:19,0
DA:23,0
DA:25,0
DA:29,0
DA:74,0
LF:11
LH:0
BRDA:31,0,0,0
BRDA:31,0,1,0
BRDA:64,1,0,0
BRDA:64,1,1,0
BRF:4
BRH:0
end_of_record
TN:
SF:src\screens\EditProductScreen.tsx
FN:43,EditProductScreen
FN:54,(anonymous_1)
FN:63,(anonymous_2)
FN:74,(anonymous_3)
FN:85,(anonymous_4)
FN:97,(anonymous_5)
FN:109,(anonymous_6)
FN:124,(anonymous_7)
FN:132,(anonymous_8)
FN:146,(anonymous_9)
FN:152,(anonymous_10)
FN:181,(anonymous_11)
FN:197,(anonymous_12)
FN:254,(anonymous_13)
FN:263,(anonymous_14)
FNF:15
FNH:0
FNDA:0,EditProductScreen
FNDA:0,(anonymous_1)
FNDA:0,(anonymous_2)
FNDA:0,(anonymous_3)
FNDA:0,(anonymous_4)
FNDA:0,(anonymous_5)
FNDA:0,(anonymous_6)
FNDA:0,(anonymous_7)
FNDA:0,(anonymous_8)
FNDA:0,(anonymous_9)
FNDA:0,(anonymous_10)
FNDA:0,(anonymous_11)
FNDA:0,(anonymous_12)
FNDA:0,(anonymous_13)
FNDA:0,(anonymous_14)
DA:44,0
DA:45,0
DA:46,0
DA:47,0
DA:48,0
DA:49,0
DA:50,0
DA:51,0
DA:54,0
DA:55,0
DA:56,0
DA:57,0
DA:58,0
DA:63,0
DA:64,0
DA:65,0
DA:66,0
DA:67,0
DA:69,0
DA:74,0
DA:75,0
DA:76,0
DA:77,0
DA:78,0
DA:80,0
DA:85,0
DA:86,0
DA:87,0
DA:88,0
DA:89,0
DA:90,0
DA:92,0
DA:97,0
DA:98,0
DA:99,0
DA:110,0
DA:111,0
DA:112,0
DA:114,0
DA:124,0
DA:125,0
DA:126,0
DA:132,0
DA:133,0
DA:134,0
DA:142,0
DA:146,0
DA:152,0
DA:157,0
DA:182,0
DA:183,0
DA:197,0
DA:254,0
DA:264,0
DA:285,0
LF:55
LH:0
BRDA:46,0,0,0
BRDA:46,0,1,0
BRDA:50,1,0,0
BRDA:50,1,1,0
BRDA:55,2,0,0
BRDA:55,2,1,0
BRDA:64,3,0,0
BRDA:64,3,1,0
BRDA:67,4,0,0
BRDA:67,4,1,0
BRDA:75,5,0,0
BRDA:75,5,1,0
BRDA:86,6,0,0
BRDA:86,6,1,0
BRDA:98,7,0,0
BRDA:98,7,1,0
BRDA:161,8,0,0
BRDA:161,8,1,0
BRDA:182,9,0,0
BRDA:182,9,1,0
BRDA:243,10,0,0
BRDA:243,10,1,0
BRDA:254,11,0,0
BRF:23
BRH:0
end_of_record
TN:
SF:src\screens\HomeScreen.tsx
FN:98,(anonymous_0)
FN:100,(anonymous_1)
FN:104,(anonymous_2)
FN:110,HomeScreen
FN:136,(anonymous_4)
FN:137,(anonymous_5)
FN:139,(anonymous_6)
FN:145,(anonymous_7)
FN:162,(anonymous_8)
FN:165,(anonymous_9)
FN:168,(anonymous_10)
FN:171,(anonymous_11)
FN:177,(anonymous_12)
FN:188,(anonymous_13)
FN:191,(anonymous_14)
FN:196,(anonymous_15)
FN:200,(anonymous_16)
FN:206,(anonymous_17)
FN:211,(anonymous_18)
FN:212,(anonymous_19)
FN:226,(anonymous_20)
FN:227,(anonymous_21)
FN:232,(anonymous_22)
FN:233,(anonymous_23)
FN:243,(anonymous_24)
FN:246,(anonymous_25)
FN:247,(anonymous_26)
FN:248,(anonymous_27)
FN:249,(anonymous_28)
FN:256,(anonymous_29)
FN:267,(anonymous_30)
FN:274,(anonymous_31)
FN:283,(anonymous_32)
FN:296,(anonymous_33)
FN:298,(anonymous_34)
FN:299,(anonymous_35)
FN:304,(anonymous_36)
FN:305,(anonymous_37)
FN:318,(anonymous_38)
FN:328,(anonymous_39)
FN:329,(anonymous_40)
FN:335,(anonymous_41)
FN:336,(anonymous_42)
FN:342,(anonymous_43)
FN:353,(anonymous_44)
FN:358,(anonymous_45)
FN:368,(anonymous_46)
FN:378,(anonymous_47)
FN:381,(anonymous_48)
FN:392,(anonymous_49)
FN:449,(anonymous_50)
FN:453,(anonymous_51)
FN:454,(anonymous_52)
FN:482,(anonymous_53)
FN:485,(anonymous_54)
FN:491,(anonymous_55)
FN:497,(anonymous_56)
FN:512,(anonymous_57)
FN:536,(anonymous_58)
FN:541,(anonymous_59)
FN:562,(anonymous_60)
FN:571,(anonymous_61)
FN:601,(anonymous_62)
FN:615,(anonymous_63)
FN:644,(anonymous_64)
FN:650,(anonymous_65)
FN:652,(anonymous_66)
FN:663,(anonymous_67)
FN:675,(anonymous_68)
FN:677,(anonymous_69)
FN:692,(anonymous_70)
FN:737,(anonymous_71)
FN:748,(anonymous_72)
FN:758,(anonymous_73)
FN:763,(anonymous_74)
FN:770,(anonymous_75)
FN:771,(anonymous_76)
FN:779,(anonymous_77)
FN:792,(anonymous_78)
FN:807,(anonymous_79)
FN:849,(anonymous_80)
FN:854,(anonymous_81)
FN:859,(anonymous_82)
FN:939,(anonymous_83)
FN:952,(anonymous_84)
FN:969,(anonymous_85)
FN:977,(anonymous_86)
FN:991,(anonymous_87)
FN:1003,(anonymous_88)
FN:1006,(anonymous_89)
FN:1014,(anonymous_90)
FN:1017,(anonymous_91)
FN:1033,(anonymous_92)
FN:1078,(anonymous_93)
FN:1121,(anonymous_94)
FN:1129,(anonymous_95)
FN:1137,(anonymous_96)
FN:1145,(anonymous_97)
FN:1157,(anonymous_98)
FN:1166,(anonymous_99)
FN:1172,(anonymous_100)
FNF:101
FNH:0
FNDA:0,(anonymous_0)
FNDA:0,(anonymous_1)
FNDA:0,(anonymous_2)
FNDA:0,HomeScreen
FNDA:0,(anonymous_4)
FNDA:0,(anonymous_5)
FNDA:0,(anonymous_6)
FNDA:0,(anonymous_7)
FNDA:0,(anonymous_8)
FNDA:0,(anonymous_9)
FNDA:0,(anonymous_10)
FNDA:0,(anonymous_11)
FNDA:0,(anonymous_12)
FNDA:0,(anonymous_13)
FNDA:0,(anonymous_14)
FNDA:0,(anonymous_15)
FNDA:0,(anonymous_16)
FNDA:0,(anonymous_17)
FNDA:0,(anonymous_18)
FNDA:0,(anonymous_19)
FNDA:0,(anonymous_20)
FNDA:0,(anonymous_21)
FNDA:0,(anonymous_22)
FNDA:0,(anonymous_23)
FNDA:0,(anonymous_24)
FNDA:0,(anonymous_25)
FNDA:0,(anonymous_26)
FNDA:0,(anonymous_27)
FNDA:0,(anonymous_28)
FNDA:0,(anonymous_29)
FNDA:0,(anonymous_30)
FNDA:0,(anonymous_31)
FNDA:0,(anonymous_32)
FNDA:0,(anonymous_33)
FNDA:0,(anonymous_34)
FNDA:0,(anonymous_35)
FNDA:0,(anonymous_36)
FNDA:0,(anonymous_37)
FNDA:0,(anonymous_38)
FNDA:0,(anonymous_39)
FNDA:0,(anonymous_40)
FNDA:0,(anonymous_41)
FNDA:0,(anonymous_42)
FNDA:0,(anonymous_43)
FNDA:0,(anonymous_44)
FNDA:0,(anonymous_45)
FNDA:0,(anonymous_46)
FNDA:0,(anonymous_47)
FNDA:0,(anonymous_48)
FNDA:0,(anonymous_49)
FNDA:0,(anonymous_50)
FNDA:0,(anonymous_51)
FNDA:0,(anonymous_52)
FNDA:0,(anonymous_53)
FNDA:0,(anonymous_54)
FNDA:0,(anonymous_55)
FNDA:0,(anonymous_56)
FNDA:0,(anonymous_57)
FNDA:0,(anonymous_58)
FNDA:0,(anonymous_59)
FNDA:0,(anonymous_60)
FNDA:0,(anonymous_61)
FNDA:0,(anonymous_62)
FNDA:0,(anonymous_63)
FNDA:0,(anonymous_64)
FNDA:0,(anonymous_65)
FNDA:0,(anonymous_66)
FNDA:0,(anonymous_67)
FNDA:0,(anonymous_68)
FNDA:0,(anonymous_69)
FNDA:0,(anonymous_70)
FNDA:0,(anonymous_71)
FNDA:0,(anonymous_72)
FNDA:0,(anonymous_73)
FNDA:0,(anonymous_74)
FNDA:0,(anonymous_75)
FNDA:0,(anonymous_76)
FNDA:0,(anonymous_77)
FNDA:0,(anonymous_78)
FNDA:0,(anonymous_79)
FNDA:0,(anonymous_80)
FNDA:0,(anonymous_81)
FNDA:0,(anonymous_82)
FNDA:0,(anonymous_83)
FNDA:0,(anonymous_84)
FNDA:0,(anonymous_85)
FNDA:0,(anonymous_86)
FNDA:0,(anonymous_87)
FNDA:0,(anonymous_88)
FNDA:0,(anonymous_89)
FNDA:0,(anonymous_90)
FNDA:0,(anonymous_91)
FNDA:0,(anonymous_92)
FNDA:0,(anonymous_93)
FNDA:0,(anonymous_94)
FNDA:0,(anonymous_95)
FNDA:0,(anonymous_96)
FNDA:0,(anonymous_97)
FNDA:0,(anonymous_98)
FNDA:0,(anonymous_99)
FNDA:0,(anonymous_100)
DA:93,0
DA:94,0
DA:96,0
DA:98,0
DA:100,0
DA:101,0
DA:102,0
DA:104,0
DA:105,0
DA:111,0
DA:112,0
DA:113,0
DA:114,0
DA:115,0
DA:116,0
DA:117,0
DA:118,0
DA:119,0
DA:122,0
DA:123,0
DA:124,0
DA:125,0
DA:127,0
DA:128,0
DA:136,0
DA:137,0
DA:139,0
DA:140,0
DA:143,0
DA:144,0
DA:145,0
DA:146,0
DA:150,0
DA:154,0
DA:156,0
DA:160,0
DA:162,0
DA:163,0
DA:165,0
DA:166,0
DA:168,0
DA:169,0
DA:171,0
DA:172,0
DA:174,0
DA:177,0
DA:178,0
DA:179,0
DA:180,0
DA:181,0
DA:184,0
DA:188,0
DA:189,0
DA:190,0
DA:191,0
DA:193,0
DA:196,0
DA:197,0
DA:200,0
DA:201,0
DA:202,0
DA:203,0
DA:206,0
DA:207,0
DA:208,0
DA:211,0
DA:212,0
DA:213,0
DA:214,0
DA:215,0
DA:216,0
DA:217,0
DA:220,0
DA:223,0
DA:226,0
DA:227,0
DA:228,0
DA:232,0
DA:233,0
DA:234,0
DA:235,0
DA:236,0
DA:237,0
DA:240,0
DA:243,0
DA:244,0
DA:245,0
DA:246,0
DA:247,0
DA:248,0
DA:249,0
DA:250,0
DA:251,0
DA:256,0
DA:257,0
DA:260,0
DA:262,0
DA:267,0
DA:268,0
DA:269,0
DA:274,0
DA:275,0
DA:284,0
DA:285,0
DA:286,0
DA:288,0
DA:296,0
DA:298,0
DA:299,0
DA:300,0
DA:301,0
DA:302,0
DA:304,0
DA:305,0
DA:306,0
DA:310,0
DA:313,0
DA:318,0
DA:323,0
DA:328,0
DA:329,0
DA:330,0
DA:335,0
DA:336,0
DA:337,0
DA:342,0
DA:347,0
DA:348,0
DA:349,0
DA:350,0
DA:353,0
DA:354,0
DA:355,0
DA:358,0
DA:359,0
DA:360,0
DA:361,0
DA:362,0
DA:366,0
DA:367,0
DA:368,0
DA:369,0
DA:370,0
DA:372,0
DA:374,0
DA:378,0
DA:379,0
DA:380,0
DA:381,0
DA:385,0
DA:387,0
DA:388,0
DA:392,0
DA:393,0
DA:394,0
DA:400,0
DA:401,0
DA:402,0
DA:404,0
DA:405,0
DA:406,0
DA:407,0
DA:408,0
DA:411,0
DA:415,0
DA:416,0
DA:418,0
DA:419,0
DA:421,0
DA:422,0
DA:425,0
DA:426,0
DA:427,0
DA:431,0
DA:434,0
DA:437,0
DA:438,0
DA:441,0
DA:446,0
DA:449,0
DA:452,0
DA:453,0
DA:456,0
DA:457,0
DA:458,0
DA:460,0
DA:461,0
DA:464,0
DA:466,0
DA:475,0
DA:477,0
DA:482,0
DA:485,0
DA:487,0
DA:488,0
DA:491,0
DA:492,0
DA:493,0
DA:497,0
DA:501,0
DA:502,0
DA:503,0
DA:504,0
DA:505,0
DA:508,0
DA:509,0
DA:511,0
DA:512,0
DA:515,0
DA:517,0
DA:518,0
DA:519,0
DA:520,0
DA:522,0
DA:523,0
DA:529,0
DA:530,0
DA:534,0
DA:537,0
DA:542,0
DA:546,0
DA:547,0
DA:554,0
DA:557,0
DA:558,0
DA:562,0
DA:566,0
DA:568,0
DA:569,0
DA:570,0
DA:571,0
DA:574,0
DA:576,0
DA:577,0
DA:581,0
DA:586,0
DA:587,0
DA:594,0
DA:596,0
DA:597,0
DA:601,0
DA:602,0
DA:603,0
DA:604,0
DA:605,0
DA:606,0
DA:608,0
DA:610,0
DA:611,0
DA:615,0
DA:616,0
DA:617,0
DA:618,0
DA:621,0
DA:622,0
DA:629,0
DA:634,0
DA:635,0
DA:640,0
DA:644,0
DA:645,0
DA:646,0
DA:649,0
DA:651,0
DA:653,0
DA:656,0
DA:661,0
DA:662,0
DA:664,0
DA:667,0
DA:668,0
DA:669,0
DA:674,0
DA:676,0
DA:678,0
DA:681,0
DA:685,0
DA:686,0
DA:688,0
DA:692,0
DA:693,0
DA:695,0
DA:697,0
DA:698,0
DA:699,0
DA:700,0
DA:701,0
DA:704,0
DA:705,0
DA:713,0
DA:717,0
DA:722,0
DA:723,0
DA:724,0
DA:728,0
DA:730,0
DA:731,0
DA:733,0
DA:737,0
DA:738,0
DA:741,0
DA:742,0
DA:744,0
DA:745,0
DA:748,0
DA:749,0
DA:751,0
DA:752,0
DA:758,0
DA:759,0
DA:760,0
DA:763,0
DA:764,0
DA:767,0
DA:768,0
DA:770,0
DA:771,0
DA:772,0
DA:773,0
DA:774,0
DA:775,0
DA:778,0
DA:779,0
DA:782,0
DA:783,0
DA:786,0
DA:789,0
DA:792,0
DA:793,0
DA:802,0
DA:807,0
DA:852,0
DA:856,0
DA:859,0
DA:863,0
DA:939,0
DA:948,0
DA:953,0
DA:970,0
DA:977,0
DA:992,0
DA:1004,0
DA:1007,0
DA:1015,0
DA:1018,0
DA:1033,0
DA:1034,0
DA:1035,0
DA:1038,0
DA:1039,0
DA:1043,0
DA:1044,0
DA:1045,0
DA:1048,0
DA:1049,0
DA:1053,0
DA:1058,0
DA:1061,0
DA:1063,0
DA:1078,0
DA:1122,0
DA:1123,0
DA:1130,0
DA:1131,0
DA:1138,0
DA:1139,0
DA:1146,0
DA:1147,0
DA:1157,0
DA:1166,0
DA:1172,0
LF:371
LH:0
BRDA:101,0,0,0
BRDA:101,0,1,0
BRDA:143,1,0,0
BRDA:143,1,1,0
BRDA:160,2,0,0
BRDA:160,2,1,0
BRDA:160,2,2,0
BRDA:160,2,3,0
BRDA:180,3,0,0
BRDA:180,3,1,0
BRDA:189,4,0,0
BRDA:189,4,1,0
BRDA:215,5,0,0
BRDA:215,5,1,0
BRDA:235,6,0,0
BRDA:235,6,1,0
BRDA:245,7,0,0
BRDA:245,7,1,0
BRDA:245,8,0,0
BRDA:245,8,1,0
BRDA:250,9,0,0
BRDA:250,9,1,0
BRDA:251,10,0,0
BRDA:251,10,1,0
BRDA:269,11,0,0
BRDA:269,11,1,0
BRDA:300,12,0,0
BRDA:300,12,1,0
BRDA:301,13,0,0
BRDA:301,13,1,0
BRDA:302,14,0,0
BRDA:302,14,1,0
BRDA:302,15,0,0
BRDA:302,15,1,0
BRDA:323,16,0,0
BRDA:323,16,1,0
BRDA:330,17,0,0
BRDA:330,17,1,0
BRDA:407,18,0,0
BRDA:407,18,1,0
BRDA:411,19,0,0
BRDA:411,19,1,0
BRDA:415,20,0,0
BRDA:415,20,1,0
BRDA:418,21,0,0
BRDA:418,21,1,0
BRDA:418,22,0,0
BRDA:418,22,1,0
BRDA:419,23,0,0
BRDA:419,23,1,0
BRDA:419,24,0,0
BRDA:419,24,1,0
BRDA:427,25,0,0
BRDA:427,25,1,0
BRDA:428,26,0,0
BRDA:428,26,1,0
BRDA:428,26,2,0
BRDA:457,27,0,0
BRDA:457,27,1,0
BRDA:457,28,0,0
BRDA:457,28,1,0
BRDA:458,29,0,0
BRDA:458,29,1,0
BRDA:461,30,0,0
BRDA:461,30,1,0
BRDA:461,31,0,0
BRDA:461,31,1,0
BRDA:475,32,0,0
BRDA:475,32,1,0
BRDA:488,33,0,0
BRDA:488,33,1,0
BRDA:501,34,0,0
BRDA:501,34,1,0
BRDA:501,35,0,0
BRDA:501,35,1,0
BRDA:515,36,0,0
BRDA:515,36,1,0
BRDA:519,37,0,0
BRDA:519,37,1,0
BRDA:522,38,0,0
BRDA:522,38,1,0
BRDA:522,39,0,0
BRDA:522,39,1,0
BRDA:546,40,0,0
BRDA:546,40,1,0
BRDA:574,41,0,0
BRDA:574,41,1,0
BRDA:586,42,0,0
BRDA:586,42,1,0
BRDA:586,43,0,0
BRDA:586,43,1,0
BRDA:617,44,0,0
BRDA:617,44,1,0
BRDA:617,45,0,0
BRDA:617,45,1,0
BRDA:646,46,0,0
BRDA:646,46,1,0
BRDA:667,47,0,0
BRDA:667,47,1,0
BRDA:693,48,0,0
BRDA:693,48,1,0
BRDA:699,49,0,0
BRDA:699,49,1,0
BRDA:704,50,0,0
BRDA:704,50,1,0
BRDA:704,51,0,0
BRDA:704,51,1,0
BRDA:713,52,0,0
BRDA:713,52,1,0
BRDA:714,53,0,0
BRDA:714,53,1,0
BRDA:719,54,0,0
BRDA:719,54,1,0
BRDA:738,55,0,0
BRDA:738,55,1,0
BRDA:749,56,0,0
BRDA:749,56,1,0
BRDA:764,57,0,0
BRDA:764,57,1,0
BRDA:773,58,0,0
BRDA:773,58,1,0
BRDA:783,59,0,0
BRDA:783,59,1,0
BRDA:825,60,0,0
BRDA:825,60,1,0
BRDA:840,61,0,0
BRDA:840,61,1,0
BRDA:950,62,0,0
BRDA:950,62,1,0
BRDA:1038,63,0,0
BRDA:1038,63,1,0
BRDA:1048,64,0,0
BRDA:1048,64,1,0
BRDA:1074,65,0,0
BRDA:1074,65,1,0
BRF:135
BRH:0
end_of_record
TN:
SF:src\styles\HomeScreenStyles.ts
FN:51,(anonymous_0)
FNF:1
FNH:0
FNDA:0,(anonymous_0)
DA:51,0
LF:1
LH:0
BRF:0
BRH:0
end_of_record
TN:
SF:src\utils\similarityUtils.ts
FN:3,(anonymous_0)
FN:12,(anonymous_1)
FN:22,(anonymous_2)
FN:27,(anonymous_3)
FN:35,(anonymous_4)
FN:39,(anonymous_5)
FN:43,(anonymous_6)
FN:44,(anonymous_7)
FN:45,(anonymous_8)
FNF:9
FNH:0
FNDA:0,(anonymous_0)
FNDA:0,(anonymous_1)
FNDA:0,(anonymous_2)
FNDA:0,(anonymous_3)
FNDA:0,(anonymous_4)
FNDA:0,(anonymous_5)
FNDA:0,(anonymous_6)
FNDA:0,(anonymous_7)
FNDA:0,(anonymous_8)
DA:3,0
DA:4,0
DA:12,0
DA:13,0
DA:14,0
DA:16,0
DA:17,0
DA:19,0
DA:20,0
DA:21,0
DA:22,0
DA:24,0
DA:27,0
DA:28,0
DA:29,0
DA:30,0
DA:32,0
DA:35,0
DA:36,0
DA:38,0
DA:39,0
DA:43,0
DA:44,0
DA:45,0
LF:24
LH:0
BRDA:16,0,0,0
BRDA:16,0,1,0
BRDA:17,1,0,0
BRDA:17,1,1,0
BRDA:17,2,0,0
BRDA:17,2,1,0
BRDA:35,3,0,0
BRF:7
BRH:0
end_of_record
TN:
SF:src\utils\stringUtils.ts
FN:2,(anonymous_0)
FNF:1
FNH:0
FNDA:0,(anonymous_0)
DA:2,0
DA:3,0
DA:4,0
DA:5,0
DA:6,0
DA:7,0
DA:8,0
DA:9,0
DA:10,0
DA:11,0
DA:12,0
DA:13,0
DA:14,0
DA:15,0
DA:16,0
LF:15
LH:0
BRDA:4,0,0,0
BRDA:4,0,1,0
BRDA:5,1,0,0
BRDA:5,1,1,0
BRDA:6,2,0,0
BRDA:6,2,1,0
BRDA:7,3,0,0
BRDA:7,3,1,0
BRDA:8,4,0,0
BRDA:8,4,1,0
BRDA:9,5,0,0
BRDA:9,5,1,0
BRDA:10,6,0,0
BRDA:10,6,1,0
BRDA:11,7,0,0
BRDA:11,7,1,0
BRDA:12,8,0,0
BRDA:12,8,1,0
BRDA:13,9,0,0
BRDA:13,9,1,0
BRDA:14,10,0,0
BRDA:14,10,1,0
BRDA:15,11,0,0
BRDA:15,11,1,0
BRF:24
BRH:0
end_of_record
